#
# There is insufficient memory for the Java Runtime Environment to continue.
# Native memory allocation (mmap) failed to map 33554432 bytes for committing reserved memory.
# Possible reasons:
#   The system is out of physical RAM or swap space
#   In 32 bit mode, the process size limit was hit
# Possible solutions:
#   Reduce memory load on the system
#   Increase physical memory or swap space
#   Check if swap backing store is full
#   Use 64 bit Java on a 64 bit OS
#   Decrease Java heap size (-Xmx/-Xms)
#   Decrease number of Java threads
#   Decrease Java thread stack sizes (-Xss)
#   Set larger code cache with -XX:ReservedCodeCacheSize=
# This output file may be truncated or incomplete.
#
#  Out of Memory Error (os_linux.cpp:2640), pid=15592, tid=0x00007f2b6c6c3700
#
# JRE version: OpenJDK Runtime Environment (8.0_152-b01) (build 1.8.0_152-release-1024-b01)
# Java VM: OpenJDK 64-Bit Server VM (25.152-b01 mixed mode linux-amd64 compressed oops)
# Failed to write core dump. Core dumps have been disabled. To enable core dumping, try "ulimit -c unlimited" before starting Java again
#

---------------  T H R E A D  ---------------

Current thread (0x00007f2b68074000):  VMThread [stack: 0x00007f2b6c5c3000,0x00007f2b6c6c4000] [id=15599]

Stack: [0x00007f2b6c5c3000,0x00007f2b6c6c4000],  sp=0x00007f2b6c6c24c0,  free space=1021k
Native frames: (J=compiled Java code, j=interpreted, Vv=VM code, C=native code)
V  [libjvm.so+0x9ed02d]  VMError::report_and_die()+0x15d
V  [libjvm.so+0x4b99fa]  report_vm_out_of_memory(char const*, int, unsigned long, VMErrorType, char const*)+0x8a
V  [libjvm.so+0x852c20]  os::pd_commit_memory(char*, unsigned long, unsigned long, bool)+0xf0
V  [libjvm.so+0x84d72f]  os::commit_memory(char*, unsigned long, unsigned long, bool)+0x1f
V  [libjvm.so+0x8c448b]  PSVirtualSpace::expand_by(unsigned long)+0x5b
V  [libjvm.so+0x8c5100]  PSYoungGen::resize_generation(unsigned long, unsigned long)+0xb0
V  [libjvm.so+0x8c541b]  PSYoungGen::resize(unsigned long, unsigned long)+0x1b
V  [libjvm.so+0x8c1b0c]  PSScavenge::invoke_no_policy()+0xdac
V  [libjvm.so+0x8c22e8]  PSScavenge::invoke()+0x38
V  [libjvm.so+0x876633]  ParallelScavengeHeap::failed_mem_allocate(unsigned long)+0x63
V  [libjvm.so+0x9eeb54]  VM_ParallelGCFailedAllocation::doit()+0x84
V  [libjvm.so+0x9f3067]  VM_Operation::evaluate()+0x47
V  [libjvm.so+0x9f1a48]  VMThread::evaluate_operation(VM_Operation*)+0x2c8
V  [libjvm.so+0x9f1ec9]  VMThread::loop()+0x219
V  [libjvm.so+0x9f2312]  VMThread::run()+0x72
V  [libjvm.so+0x850032]  java_start(Thread*)+0xf2

VM_Operation (0x00007f2b193a8ea0): ParallelGCFailedAllocation, mode: safepoint, requested by thread 0x00007f2b150f2800


---------------  P R O C E S S  ---------------

Java Threads: ( => current thread )
  0x00007f2b150e9800 JavaThread "ForkJoinPool.commonPool-worker-0" daemon [_thread_blocked, id=15634, stack(0x00007f2b18ea8000,0x00007f2b18fa9000)]
  0x00007f2b150f2800 JavaThread "ForkJoinPool.commonPool-worker-1" daemon [_thread_blocked, id=15631, stack(0x00007f2b192aa000,0x00007f2b193ab000)]
  0x00007f2b152aa800 JavaThread "Task worker for ':'" [_thread_blocked, id=15628, stack(0x00007f2b198ac000,0x00007f2b199ad000)]
  0x00007f2b1529b800 JavaThread "Cache worker for Build Output Cleanup Cache (/home/ayush/AndroidStudioProjects/theDeliveryApp/.gradle/buildOutputCleanup)" [_thread_blocked, id=15627, stack(0x00007f2b199ad000,0x00007f2b19aae000)]
  0x00007f2b1528c800 JavaThread "Cache worker for task history cache (/home/ayush/AndroidStudioProjects/theDeliveryApp/.gradle/4.4/taskHistory)" [_thread_blocked, id=15626, stack(0x00007f2b19aae000,0x00007f2b19baf000)]
  0x00007f2b15273800 JavaThread "Cache worker for file content cache (/home/ayush/AndroidStudioProjects/theDeliveryApp/.gradle/4.4/fileContent)" [_thread_blocked, id=15625, stack(0x00007f2b19baf000,0x00007f2b19cb0000)]
  0x00007f2b14c93000 JavaThread "Memory manager" [_thread_blocked, id=15624, stack(0x00007f2b1aac5000,0x00007f2b1abc6000)]
  0x00007f2b143b8800 JavaThread "build operations Thread 2" [_thread_blocked, id=15623, stack(0x00007f2b1b5fe000,0x00007f2b1b6ff000)]
  0x00007f2b143bb000 JavaThread "build operations" [_thread_blocked, id=15622, stack(0x00007f2b1b6ff000,0x00007f2b1b800000)]
  0x00007f2b1497b800 JavaThread "Cache worker for Artifact transforms cache (/home/ayush/.gradle/caches/transforms-1)" [_thread_blocked, id=15621, stack(0x00007f2b2c0f8000,0x00007f2b2c1f9000)]
  0x00007f2b1434b800 JavaThread "Cache worker for file hash cache (/home/ayush/AndroidStudioProjects/theDeliveryApp/.gradle/4.4/fileHashes)" [_thread_blocked, id=15619, stack(0x00007f2b2c5f9000,0x00007f2b2c6fa000)]
  0x00007f2b1429c800 JavaThread "File lock request listener" [_thread_in_native, id=15618, stack(0x00007f2b2c8fa000,0x00007f2b2c9fb000)]
  0x00007f2b14276800 JavaThread "Cache worker for file hash cache (/home/ayush/.gradle/caches/4.4/fileHashes)" [_thread_blocked, id=15617, stack(0x00007f2b2c9fb000,0x00007f2b2cafc000)]
  0x00007f2b14032000 JavaThread "Stdin handler" [_thread_blocked, id=15616, stack(0x00007f2b2cafc000,0x00007f2b2cbfd000)]
  0x00007f2b14029000 JavaThread "Asynchronous log dispatcher for DefaultDaemonConnection: socket connection from /127.0.0.1:35411 to /127.0.0.1:39962" [_thread_blocked, id=15615, stack(0x00007f2b2cdfd000,0x00007f2b2cefe000)]
  0x00007f2b20008000 JavaThread "Daemon worker" [_thread_blocked, id=15612, stack(0x00007f2b2cefe000,0x00007f2b2cfff000)]
  0x00007f2b2000c000 JavaThread "Cancel handler" [_thread_blocked, id=15611, stack(0x00007f2b5407d000,0x00007f2b5417e000)]
  0x00007f2b20005800 JavaThread "Handler for socket connection from /127.0.0.1:35411 to /127.0.0.1:39962" [_thread_in_native, id=15610, stack(0x00007f2b5417e000,0x00007f2b5427f000)]
  0x00007f2b24023000 JavaThread "Daemon" [_thread_blocked, id=15609, stack(0x00007f2b5427f000,0x00007f2b54380000)]
  0x00007f2b68de5000 JavaThread "Daemon periodic checks" [_thread_blocked, id=15608, stack(0x00007f2b54380000,0x00007f2b54481000)]
  0x00007f2b68dc9000 JavaThread "Incoming local TCP Connector on port 35411" [_thread_in_native, id=15607, stack(0x00007f2b54488000,0x00007f2b54589000)]
  0x00007f2b680ba000 JavaThread "Service Thread" daemon [_thread_blocked, id=15605, stack(0x00007f2b55bfc000,0x00007f2b55cfd000)]
  0x00007f2b680b7800 JavaThread "C1 CompilerThread1" daemon [_thread_blocked, id=15604, stack(0x00007f2b55cfd000,0x00007f2b55dfe000)]
  0x00007f2b680b4800 JavaThread "C2 CompilerThread0" daemon [_thread_blocked, id=15603, stack(0x00007f2b55dfe000,0x00007f2b55eff000)]
  0x00007f2b680b3000 JavaThread "Signal Dispatcher" daemon [_thread_blocked, id=15602, stack(0x00007f2b55eff000,0x00007f2b56000000)]
  0x00007f2b68080000 JavaThread "Finalizer" daemon [_thread_blocked, id=15601, stack(0x00007f2b6c3c1000,0x00007f2b6c4c2000)]
  0x00007f2b6807b800 JavaThread "Reference Handler" daemon [_thread_blocked, id=15600, stack(0x00007f2b6c4c2000,0x00007f2b6c5c3000)]
  0x00007f2b6800a800 JavaThread "main" [_thread_blocked, id=15596, stack(0x00007f2b7161f000,0x00007f2b71720000)]

Other Threads:
=>0x00007f2b68074000 VMThread [stack: 0x00007f2b6c5c3000,0x00007f2b6c6c4000] [id=15599]
  0x00007f2b680bc800 WatcherThread [stack: 0x00007f2b55afb000,0x00007f2b55bfc000] [id=15606]

VM state:at safepoint (normal execution)

VM Mutex/Monitor currently owned by a thread:  ([mutex/lock_event])
[0x00007f2b68006fe0] Threads_lock - owner thread: 0x00007f2b68074000
[0x00007f2b680074e0] Heap_lock - owner thread: 0x00007f2b150f2800

Heap:
 PSYoungGen      total 240128K, used 64K [0x00000000e0000000, 0x00000000f1500000, 0x0000000100000000)
  eden space 199168K, 0% used [0x00000000e0000000,0x00000000e0000000,0x00000000ec280000)
  from space 40960K, 0% used [0x00000000ec280000,0x00000000ec290000,0x00000000eea80000)
  to   space 41472K, 0% used [0x00000000eea80000,0x00000000eea80000,0x00000000f1300000)
 ParOldGen       total 146944K, used 54748K [0x00000000a0000000, 0x00000000a8f80000, 0x00000000e0000000)
  object space 146944K, 37% used [0x00000000a0000000,0x00000000a3577258,0x00000000a8f80000)
 Metaspace       used 61063K, capacity 63310K, committed 63576K, reserved 1103872K
  class space    used 8316K, capacity 8813K, committed 8832K, reserved 1048576K

Card table byte_map: [0x00007f2b6e1a5000,0x00007f2b6e4a6000] byte_map_base: 0x00007f2b6dca5000

Marking Bits: (ParMarkBitMap*) 0x00007f2b70aee440
 Begin Bits: [0x00007f2b56000000, 0x00007f2b57800000)
 End Bits:   [0x00007f2b57800000, 0x00007f2b59000000)

Polling page: 0x00007f2b71742000

CodeCache: size=245760Kb used=22252Kb max_used=22265Kb free=223507Kb
 bounds [0x00007f2b59000000, 0x00007f2b5a5e0000, 0x00007f2b68000000]
 total_blobs=8829 nmethods=8049 adapters=694
 compilation: enabled

Compilation events (10 events):
Event: 51.397 Thread 0x00007f2b680b7800 9510       3       com.android.apkzlib.zip.StoredEntry::toHeaderData (239 bytes)
Event: 51.400 Thread 0x00007f2b680b7800 nmethod 9510 0x00007f2b5a5d3a50 code [0x00007f2b5a5d3e20, 0x00007f2b5a5d5b08]
Event: 51.400 Thread 0x00007f2b680b7800 9511       3       com.android.apkzlib.zip.ZipField::write (30 bytes)
Event: 51.400 Thread 0x00007f2b680b7800 nmethod 9511 0x00007f2b5a5ced50 code [0x00007f2b5a5cef00, 0x00007f2b5a5cf498]
Event: 51.400 Thread 0x00007f2b680b7800 9513       3       com.android.apkzlib.zip.ZFile::directWrite (14 bytes)
Event: 51.401 Thread 0x00007f2b680b7800 nmethod 9513 0x00007f2b5a5ce6d0 code [0x00007f2b5a5ce860, 0x00007f2b5a5ceb98]
Event: 51.402 Thread 0x00007f2b680b4800 9515       4       java.util.TreeMap::get (19 bytes)
Event: 51.408 Thread 0x00007f2b680b4800 nmethod 9515 0x00007f2b5a5d9990 code [0x00007f2b5a5d9b00, 0x00007f2b5a5d9e18]
Event: 51.453 Thread 0x00007f2b680b4800 9516       4       com.android.apkzlib.zip.ZipField::write (131 bytes)
Event: 51.471 Thread 0x00007f2b680b4800 nmethod 9516 0x00007f2b5a5d7350 code [0x00007f2b5a5d7520, 0x00007f2b5a5d7be8]

GC Heap History (10 events):
Event: 46.566 GC heap after
Heap after GC invocations=25 (full 4):
 PSYoungGen      total 157184K, used 29672K [0x00000000e0000000, 0x00000000ef400000, 0x0000000100000000)
  eden space 127488K, 0% used [0x00000000e0000000,0x00000000e0000000,0x00000000e7c80000)
  from space 29696K, 99% used [0x00000000e7c80000,0x00000000e997a010,0x00000000e9980000)
  to   space 44544K, 0% used [0x00000000ec880000,0x00000000ec880000,0x00000000ef400000)
 ParOldGen       total 120832K, used 72726K [0x00000000a0000000, 0x00000000a7600000, 0x00000000e0000000)
  object space 120832K, 60% used [0x00000000a0000000,0x00000000a4705b50,0x00000000a7600000)
 Metaspace       used 59272K, capacity 61258K, committed 61528K, reserved 1101824K
  class space    used 8103K, capacity 8549K, committed 8576K, reserved 1048576K
}
Event: 50.514 GC heap before
{Heap before GC invocations=26 (full 4):
 PSYoungGen      total 157184K, used 157160K [0x00000000e0000000, 0x00000000ef400000, 0x0000000100000000)
  eden space 127488K, 100% used [0x00000000e0000000,0x00000000e7c80000,0x00000000e7c80000)
  from space 29696K, 99% used [0x00000000e7c80000,0x00000000e997a010,0x00000000e9980000)
  to   space 44544K, 0% used [0x00000000ec880000,0x00000000ec880000,0x00000000ef400000)
 ParOldGen       total 120832K, used 72726K [0x00000000a0000000, 0x00000000a7600000, 0x00000000e0000000)
  object space 120832K, 60% used [0x00000000a0000000,0x00000000a4705b50,0x00000000a7600000)
 Metaspace       used 60898K, capacity 63122K, committed 63320K, reserved 1103872K
  class space    used 8289K, capacity 8773K, committed 8832K, reserved 1048576K
Event: 50.692 GC heap after
Heap after GC invocations=26 (full 4):
 PSYoungGen      total 200192K, used 15069K [0x00000000e0000000, 0x00000000eee80000, 0x0000000100000000)
  eden space 161280K, 0% used [0x00000000e0000000,0x00000000e0000000,0x00000000e9d80000)
  from space 38912K, 38% used [0x00000000ec880000,0x00000000ed737548,0x00000000eee80000)
  to   space 41472K, 0% used [0x00000000e9d80000,0x00000000e9d80000,0x00000000ec600000)
 ParOldGen       total 120832K, used 100556K [0x00000000a0000000, 0x00000000a7600000, 0x00000000e0000000)
  object space 120832K, 83% used [0x00000000a0000000,0x00000000a62333b0,0x00000000a7600000)
 Metaspace       used 60898K, capacity 63122K, committed 63320K, reserved 1103872K
  class space    used 8289K, capacity 8773K, committed 8832K, reserved 1048576K
}
Event: 50.692 GC heap before
{Heap before GC invocations=27 (full 5):
 PSYoungGen      total 200192K, used 15069K [0x00000000e0000000, 0x00000000eee80000, 0x0000000100000000)
  eden space 161280K, 0% used [0x00000000e0000000,0x00000000e0000000,0x00000000e9d80000)
  from space 38912K, 38% used [0x00000000ec880000,0x00000000ed737548,0x00000000eee80000)
  to   space 41472K, 0% used [0x00000000e9d80000,0x00000000e9d80000,0x00000000ec600000)
 ParOldGen       total 120832K, used 100556K [0x00000000a0000000, 0x00000000a7600000, 0x00000000e0000000)
  object space 120832K, 83% used [0x00000000a0000000,0x00000000a62333b0,0x00000000a7600000)
 Metaspace       used 60898K, capacity 63122K, committed 63320K, reserved 1103872K
  class space    used 8289K, capacity 8773K, committed 8832K, reserved 1048576K
Event: 50.896 GC heap after
Heap after GC invocations=27 (full 5):
 PSYoungGen      total 200192K, used 0K [0x00000000e0000000, 0x00000000eee80000, 0x0000000100000000)
  eden space 161280K, 0% used [0x00000000e0000000,0x00000000e0000000,0x00000000e9d80000)
  from space 38912K, 0% used [0x00000000ec880000,0x00000000ec880000,0x00000000eee80000)
  to   space 41472K, 0% used [0x00000000e9d80000,0x00000000e9d80000,0x00000000ec600000)
 ParOldGen       total 146944K, used 54037K [0x00000000a0000000, 0x00000000a8f80000, 0x00000000e0000000)
  object space 146944K, 36% used [0x00000000a0000000,0x00000000a34c5568,0x00000000a8f80000)
 Metaspace       used 60898K, capacity 63122K, committed 63320K, reserved 1103872K
  class space    used 8289K, capacity 8773K, committed 8832K, reserved 1048576K
}
Event: 51.247 GC heap before
{Heap before GC invocations=28 (full 5):
 PSYoungGen      total 200192K, used 161135K [0x00000000e0000000, 0x00000000eee80000, 0x0000000100000000)
  eden space 161280K, 99% used [0x00000000e0000000,0x00000000e9d5bc88,0x00000000e9d80000)
  from space 38912K, 0% used [0x00000000ec880000,0x00000000ec880000,0x00000000eee80000)
  to   space 41472K, 0% used [0x00000000e9d80000,0x00000000e9d80000,0x00000000ec600000)
 ParOldGen       total 146944K, used 54037K [0x00000000a0000000, 0x00000000a8f80000, 0x00000000e0000000)
  object space 146944K, 36% used [0x00000000a0000000,0x00000000a34c5568,0x00000000a8f80000)
 Metaspace       used 61053K, capacity 63310K, committed 63576K, reserved 1103872K
  class space    used 8316K, capacity 8813K, committed 8832K, reserved 1048576K
Event: 51.252 GC heap after
Heap after GC invocations=28 (full 5):
 PSYoungGen      total 202752K, used 917K [0x00000000e0000000, 0x00000000f1300000, 0x0000000100000000)
  eden space 161280K, 0% used [0x00000000e0000000,0x00000000e0000000,0x00000000e9d80000)
  from space 41472K, 2% used [0x00000000e9d80000,0x00000000e9e65768,0x00000000ec600000)
  to   space 41472K, 0% used [0x00000000eea80000,0x00000000eea80000,0x00000000f1300000)
 ParOldGen       total 146944K, used 54045K [0x00000000a0000000, 0x00000000a8f80000, 0x00000000e0000000)
  object space 146944K, 36% used [0x00000000a0000000,0x00000000a34c7568,0x00000000a8f80000)
 Metaspace       used 61053K, capacity 63310K, committed 63576K, reserved 1103872K
  class space    used 8316K, capacity 8813K, committed 8832K, reserved 1048576K
}
Event: 51.336 GC heap before
{Heap before GC invocations=29 (full 5):
 PSYoungGen      total 202752K, used 161301K [0x00000000e0000000, 0x00000000f1300000, 0x0000000100000000)
  eden space 161280K, 99% used [0x00000000e0000000,0x00000000e9c9ffc0,0x00000000e9d80000)
  from space 41472K, 2% used [0x00000000e9d80000,0x00000000e9e65768,0x00000000ec600000)
  to   space 41472K, 0% used [0x00000000eea80000,0x00000000eea80000,0x00000000f1300000)
 ParOldGen       total 146944K, used 54045K [0x00000000a0000000, 0x00000000a8f80000, 0x00000000e0000000)
  object space 146944K, 36% used [0x00000000a0000000,0x00000000a34c7568,0x00000000a8f80000)
 Metaspace       used 61058K, capacity 63310K, committed 63576K, reserved 1103872K
  class space    used 8316K, capacity 8813K, committed 8832K, reserved 1048576K
Event: 51.342 GC heap after
Heap after GC invocations=29 (full 5):
 PSYoungGen      total 240640K, used 64K [0x00000000e0000000, 0x00000000f1500000, 0x0000000100000000)
  eden space 199168K, 0% used [0x00000000e0000000,0x00000000e0000000,0x00000000ec280000)
  from space 41472K, 0% used [0x00000000eea80000,0x00000000eea90000,0x00000000f1300000)
  to   space 40960K, 0% used [0x00000000ec280000,0x00000000ec280000,0x00000000eea80000)
 ParOldGen       total 146944K, used 54724K [0x00000000a0000000, 0x00000000a8f80000, 0x00000000e0000000)
  object space 146944K, 37% used [0x00000000a0000000,0x00000000a3571258,0x00000000a8f80000)
 Metaspace       used 61058K, capacity 63310K, committed 63576K, reserved 1103872K
  class space    used 8316K, capacity 8813K, committed 8832K, reserved 1048576K
}
Event: 51.475 GC heap before
{Heap before GC invocations=30 (full 5):
 PSYoungGen      total 240640K, used 198375K [0x00000000e0000000, 0x00000000f1500000, 0x0000000100000000)
  eden space 199168K, 99% used [0x00000000e0000000,0x00000000ec1a9fa0,0x00000000ec280000)
  from space 41472K, 0% used [0x00000000eea80000,0x00000000eea90000,0x00000000f1300000)
  to   space 40960K, 0% used [0x00000000ec280000,0x00000000ec280000,0x00000000eea80000)
 ParOldGen       total 146944K, used 54724K [0x00000000a0000000, 0x00000000a8f80000, 0x00000000e0000000)
  object space 146944K, 37% used [0x00000000a0000000,0x00000000a3571258,0x00000000a8f80000)
 Metaspace       used 61063K, capacity 63310K, committed 63576K, reserved 1103872K
  class space    used 8316K, capacity 8813K, committed 8832K, reserved 1048576K

Deoptimization events (10 events):
Event: 49.540 Thread 0x00007f2b150f2800 Uncommon trap: reason=bimorphic action=maybe_recompile pc=0x00007f2b59bed3b4 method=java.io.DataInputStream.readUnsignedShort()I @ 4
Event: 49.781 Thread 0x00007f2b150f2800 Uncommon trap: reason=class_check action=maybe_recompile pc=0x00007f2b598ed8d4 method=java.lang.Throwable.<init>(Ljava/lang/String;Ljava/lang/Throwable;)V @ 24
Event: 49.802 Thread 0x00007f2b150f2800 Uncommon trap: reason=class_check action=maybe_recompile pc=0x00007f2b5a2ce0a8 method=java.util.stream.ReduceOps$3ReducingSink.accept(Ljava/lang/Object;)V @ 9
Event: 49.808 Thread 0x00007f2b150f2800 Uncommon trap: reason=class_check action=maybe_recompile pc=0x00007f2b5a2ce0a8 method=java.util.stream.ReduceOps$3ReducingSink.accept(Ljava/lang/Object;)V @ 9
Event: 50.411 Thread 0x00007f2b150f2800 Uncommon trap: reason=class_check action=maybe_recompile pc=0x00007f2b59730f54 method=java.util.zip.InflaterInputStream.read([BII)I @ 100
Event: 50.411 Thread 0x00007f2b150f2800 Uncommon trap: reason=class_check action=maybe_recompile pc=0x00007f2b59730f54 method=java.util.zip.InflaterInputStream.read([BII)I @ 100
Event: 50.411 Thread 0x00007f2b150f2800 Uncommon trap: reason=class_check action=maybe_recompile pc=0x00007f2b59730f54 method=java.util.zip.InflaterInputStream.read([BII)I @ 100
Event: 50.411 Thread 0x00007f2b150f2800 Uncommon trap: reason=class_check action=maybe_recompile pc=0x00007f2b59730f54 method=java.util.zip.InflaterInputStream.read([BII)I @ 100
Event: 51.023 Thread 0x00007f2b150f2800 Uncommon trap: reason=unstable_if action=reinterpret pc=0x00007f2b59354bc8 method=java.nio.Bits.getInt(Ljava/nio/ByteBuffer;IZ)I @ 1
Event: 51.028 Thread 0x00007f2b150f2800 Uncommon trap: reason=unstable_if action=reinterpret pc=0x00007f2b5912c918 method=java.nio.Bits.getInt(Ljava/nio/ByteBuffer;IZ)I @ 1

Classes redefined (0 events):
No events

Internal exceptions (10 events):
Event: 40.874 Thread 0x00007f2b14c93000 Exception <a 'java/io/IOException'> (0x00000000e5f6d260) thrown at [/usr/local/google/home/ralucas/source/AOSP-openjdk-git/jdk8u/hotspot/src/share/vm/prims/jni.cpp, line 709]
Event: 41.583 Thread 0x00007f2b50134000 Implicit null exception at 0x00007f2b5a2e188f to 0x00007f2b5a2e1a25
Event: 42.757 Thread 0x00007f2b50134000 Exception <a 'sun/nio/fs/UnixException'> (0x00000000e54d72d0) thrown at [/usr/local/google/home/ralucas/source/AOSP-openjdk-git/jdk8u/hotspot/src/share/vm/prims/jni.cpp, line 709]
Event: 45.874 Thread 0x00007f2b14c93000 Exception <a 'java/io/IOException'> (0x00000000e5573c00) thrown at [/usr/local/google/home/ralucas/source/AOSP-openjdk-git/jdk8u/hotspot/src/share/vm/prims/jni.cpp, line 709]
Event: 46.947 Thread 0x00007f2b150ec000 Exception <a 'sun/nio/fs/UnixException'> (0x00000000e3196650) thrown at [/usr/local/google/home/ralucas/source/AOSP-openjdk-git/jdk8u/hotspot/src/share/vm/prims/jni.cpp, line 709]
Event: 49.645 Thread 0x00007f2b150f2800 Exception <a 'java/lang/ClassNotFoundException': org/gradle/api/plugins/JavaPluginConventionBeanInfo> (0x00000000e44d1500) thrown at [/usr/local/google/home/ralucas/source/AOSP-openjdk-git/jdk8u/hotspot/src/share/vm/classfile/systemDictionary.cpp, line 21
Event: 49.646 Thread 0x00007f2b150f2800 Exception <a 'java/lang/ClassNotFoundException': org/gradle/api/plugins/JavaPluginConventionCustomizer> (0x00000000e45086c8) thrown at [/usr/local/google/home/ralucas/source/AOSP-openjdk-git/jdk8u/hotspot/src/share/vm/classfile/systemDictionary.cpp, line 
Event: 49.786 Thread 0x00007f2b150f2800 Exception <a 'java/lang/NoSuchMethodError': java.lang.Object.lambda$comparing$ea9a8b3a$1(Ljava/util/Comparator;Ljava/util/function/Function;Ljava/lang/Object;Ljava/lang/Object;)I> (0x00000000e4695e40) thrown at [/usr/local/google/home/ralucas/source/AOSP-
Event: 49.970 Thread 0x00007f2b150f2800 Exception <a 'java/lang/NoSuchMethodError': java.lang.Object.lambda$or$2(Ljava/util/function/Predicate;Ljava/lang/Object;)Z> (0x00000000e50e0868) thrown at [/usr/local/google/home/ralucas/source/AOSP-openjdk-git/jdk8u/hotspot/src/share/vm/interpreter/link
Event: 50.897 Thread 0x00007f2b14c93000 Exception <a 'java/io/IOException'> (0x00000000e0006890) thrown at [/usr/local/google/home/ralucas/source/AOSP-openjdk-git/jdk8u/hotspot/src/share/vm/prims/jni.cpp, line 709]

Events (10 events):
Event: 51.159 Executing VM operation: RevokeBias
Event: 51.160 Executing VM operation: RevokeBias done
Event: 51.161 Executing VM operation: RevokeBias
Event: 51.162 Executing VM operation: RevokeBias done
Event: 51.162 Thread 0x00007f2b15101800 Thread exited: 0x00007f2b15101800
Event: 51.246 Executing VM operation: ParallelGCFailedAllocation
Event: 51.252 Executing VM operation: ParallelGCFailedAllocation done
Event: 51.336 Executing VM operation: ParallelGCFailedAllocation
Event: 51.342 Executing VM operation: ParallelGCFailedAllocation done
Event: 51.474 Executing VM operation: ParallelGCFailedAllocation


Dynamic libraries:
00400000-00401000 r-xp 00000000 08:07 3414379                            /home/ayush/Downloads/.android-studio/jre/bin/java
00600000-00601000 r--p 00000000 08:07 3414379                            /home/ayush/Downloads/.android-studio/jre/bin/java
00601000-00602000 rw-p 00001000 08:07 3414379                            /home/ayush/Downloads/.android-studio/jre/bin/java
0120d000-01298000 rw-p 00000000 00:00 0                                  [heap]
a0000000-a8f80000 rw-p 00000000 00:00 0 
a8f80000-e0000000 ---p 00000000 00:00 0 
e0000000-f1500000 rw-p 00000000 00:00 0 
f3500000-100000000 ---p 00000000 00:00 0 
100000000-1008a0000 rw-p 00000000 00:00 0 
1008a0000-140000000 ---p 00000000 00:00 0 
7f2b14000000-7f2b15b3d000 rw-p 00000000 00:00 0 
7f2b15b3d000-7f2b18000000 ---p 00000000 00:00 0 
7f2b1881e000-7f2b18c64000 rw-p 00000000 00:00 0 
7f2b18ca8000-7f2b18e28000 rw-p 00000000 00:00 0 
7f2b18e28000-7f2b18ea8000 ---p 00000000 00:00 0 
7f2b18ea8000-7f2b18eab000 ---p 00000000 00:00 0 
7f2b18eab000-7f2b18fa9000 rw-p 00000000 00:00 0 
7f2b18fa9000-7f2b18fac000 ---p 00000000 00:00 0 
7f2b18fac000-7f2b192aa000 rw-p 00000000 00:00 0 
7f2b192aa000-7f2b192ad000 ---p 00000000 00:00 0 
7f2b192ad000-7f2b193ab000 rw-p 00000000 00:00 0 
7f2b193ab000-7f2b193ae000 ---p 00000000 00:00 0 
7f2b193ae000-7f2b196ac000 rw-p 00000000 00:00 0 
7f2b196ac000-7f2b198ac000 rw-p 00000000 00:00 0 
7f2b198ac000-7f2b198af000 ---p 00000000 00:00 0 
7f2b198af000-7f2b199ad000 rw-p 00000000 00:00 0 
7f2b199ad000-7f2b199b0000 ---p 00000000 00:00 0 
7f2b199b0000-7f2b19aae000 rw-p 00000000 00:00 0 
7f2b19aae000-7f2b19ab1000 ---p 00000000 00:00 0 
7f2b19ab1000-7f2b19baf000 rw-p 00000000 00:00 0 
7f2b19baf000-7f2b19bb2000 ---p 00000000 00:00 0 
7f2b19bb2000-7f2b19eb0000 rw-p 00000000 00:00 0 
7f2b19eb0000-7f2b1a0b0000 rw-p 00000000 00:00 0 
7f2b1a0b0000-7f2b1a2b0000 rw-p 00000000 00:00 0 
7f2b1a2b0000-7f2b1a4b0000 rw-p 00000000 00:00 0 
7f2b1a4b0000-7f2b1a4c2000 r--s 00345000 08:07 3414496                    /home/ayush/Downloads/.android-studio/jre/jre/lib/resources.jar
7f2b1a4c2000-7f2b1a6c2000 rw-p 00000000 00:00 0 
7f2b1a6c2000-7f2b1a8c2000 rw-p 00000000 00:00 0 
7f2b1a8c2000-7f2b1aac2000 rw-p 00000000 00:00 0 
7f2b1aac2000-7f2b1aac5000 r--s 00015000 08:07 3414503                    /home/ayush/Downloads/.android-studio/jre/jre/lib/jce.jar
7f2b1aac5000-7f2b1aac8000 ---p 00000000 00:00 0 
7f2b1aac8000-7f2b1adc6000 rw-p 00000000 00:00 0 
7f2b1adc6000-7f2b1afbc000 rw-p 00000000 00:00 0 
7f2b1afbc000-7f2b1afc6000 ---p 00000000 00:00 0 
7f2b1afc6000-7f2b1b1c6000 rw-p 00000000 00:00 0 
7f2b1b1c6000-7f2b1b1c7000 r--s 00005000 08:07 1320116                    /home/ayush/.gradle/caches/modules-2/files-2.1/com.sun.istack/istack-commons-runtime/2.21/c969d8f15c467f0ef7d7b04889afbe7b5d48e22f/istack-commons-runtime-2.21.jar
7f2b1b1c7000-7f2b1b1c9000 r--s 0000f000 08:07 1320115                    /home/ayush/.gradle/caches/modules-2/files-2.1/org.glassfish.jaxb/txw2/2.2.11/2df047d8c187a62f2177bf6013f1f9786cdfc8a2/txw2-2.2.11.jar
7f2b1b1c9000-7f2b1b1cc000 r--s 00016000 08:07 1320114                    /home/ayush/.gradle/caches/modules-2/files-2.1/javax.xml.bind/jaxb-api/2.2.12-b140109.1041/7ed0e0d01198614194d56dfb03d9d95aa311824c/jaxb-api-2.2.12-b140109.1041.jar
7f2b1b1cc000-7f2b1b1d1000 r--s 00044000 08:07 1320113                    /home/ayush/.gradle/caches/modules-2/files-2.1/com.sun.xml.fastinfoset/FastInfoset/1.2.13/98f56b9354e27bd2941cc5d461344e240ae51ae/FastInfoset-1.2.13.jar
7f2b1b1d1000-7f2b1b1d3000 r--s 00007000 08:07 1320112                    /home/ayush/.gradle/caches/modules-2/files-2.1/org.jvnet.staxex/stax-ex/1.7.7/18bed5a0da27a6b43efe01282f2dc911b1cb3a72/stax-ex-1.7.7.jar
7f2b1b1d3000-7f2b1b1d8000 r--s 00021000 08:07 1320111                    /home/ayush/.gradle/caches/modules-2/files-2.1/org.glassfish.jaxb/jaxb-core/2.2.11/f5745049f5fb9cb9d9b5f513c207727f475983e9/jaxb-core-2.2.11.jar
7f2b1b1d8000-7f2b1b1de000 r--s 00033000 08:07 1320110                    /home/ayush/.gradle/caches/modules-2/files-2.1/commons-codec/commons-codec/1.6/b7f0fc8f61ecadeb3695f0b9464755eee44374d4/commons-codec-1.6.jar
7f2b1b1de000-7f2b1b1e0000 r--s 0000d000 08:07 1320109                    /home/ayush/.gradle/caches/modules-2/files-2.1/commons-logging/commons-logging/1.1.1/5043bfebc3db072ed80fbd362e7caf00e885d8ae/commons-logging-1.1.1.jar
7f2b1b1e0000-7f2b1b1e6000 r--s 00032000 08:07 1320108                    /home/ayush/.gradle/caches/modules-2/files-2.1/org.apache.httpcomponents/httpcore/4.2.5/472f0f5f8dba5d1962cb9d7739feed739a31c30d/httpcore-4.2.5.jar
7f2b1b1e6000-7f2b1b1f7000 r--s 000eb000 08:07 1320107                    /home/ayush/.gradle/caches/modules-2/files-2.1/org.glassfish.jaxb/jaxb-runtime/2.2.11/65510afc78679e347b0d774617a97fedac94f8/jaxb-runtime-2.2.11.jar
7f2b1b1f7000-7f2b1b1fa000 r--s 00011000 08:07 1320106                    /home/ayush/.gradle/caches/modules-2/files-2.1/com.sun.activation/javax.activation/1.2.0/bf744c1e2776ed1de3c55c8dac1057ec331ef744/javax.activation-1.2.0.jar
7f2b1b1fa000-7f2b1b1fc000 r--s 00003000 08:07 1320080                    /home/ayush/.gradle/caches/modules-2/files-2.1/org.jetbrains/annotations/13.0/919f0dfe192fb4e063e7dacadee7f8bb9a2672a9/annotations-13.0.jar
7f2b1b1fc000-7f2b1b1fd000 r--s 0000a000 08:07 1320105                    /home/ayush/.gradle/caches/modules-2/files-2.1/net.sf.kxml/kxml2/2.3.0/ccbc77a5fd907ef863c29f3596c6f54ffa4e9442/kxml2-2.3.0.jar
7f2b1b1fd000-7f2b1b1ff000 r--s 00005000 08:07 1320104                    /home/ayush/.gradle/caches/modules-2/files-2.1/org.apache.httpcomponents/httpmime/4.1/9ba2dcdf94ce35c8a8e9bff242db0618ca932e92/httpmime-4.1.jar
7f2b1b1ff000-7f2b1b209000 r--s 00061000 08:07 1320103                    /home/ayush/.gradle/caches/modules-2/files-2.1/org.apache.httpcomponents/httpclient/4.2.6/e4ca30a6a3a075053a61c6fc850d2432dc012ba7/httpclient-4.2.6.jar
7f2b1b209000-7f2b1b212000 r--s 00064000 08:07 1320102                    /home/ayush/.gradle/caches/modules-2/files-2.1/org.apache.commons/commons-compress/1.12/84caa68576e345eb5e7ae61a0e5a9229eb100d7b/commons-compress-1.12.jar
7f2b1b212000-7f2b1b213000 r--s 00000000 08:07 1320101                    /home/ayush/.gradle/caches/modules-2/files-2.1/org.codehaus.mojo/animal-sniffer-annotations/1.14/775b7e22fb10026eed3f86e8dc556dfafe35f2d5/animal-sniffer-annotations-1.14.jar
7f2b1b213000-7f2b1b215000 r--s 00001000 08:07 1320100                    /home/ayush/.gradle/caches/modules-2/files-2.1/com.google.j2objc/j2objc-annotations/1.1/976d8d30bebc251db406f2bdb3eb01962b5685b3/j2objc-annotations-1.1.jar
7f2b1b215000-7f2b1b218000 r--s 00006000 08:07 1320099                    /home/ayush/.gradle/caches/modules-2/files-2.1/com.google.code.findbugs/jsr305/1.3.9/40719ea6961c0cb6afaeb6a921eaa1f6afd4cfdf/jsr305-1.3.9.jar
7f2b1b218000-7f2b1b228000 r--s 000d6000 08:07 1320098                    /home/ayush/.gradle/caches/modules-2/files-2.1/net.sf.proguard/proguard-base/5.3.3/988b6b0636ce343d4962b3b37f6319dcc6e99a61/proguard-base-5.3.3.jar
7f2b1b228000-7f2b1b238000 r--s 000d4000 08:07 1324208                    /home/ayush/.gradle/caches/modules-2/files-2.1/org.jetbrains.kotlin/kotlin-stdlib/1.2.0/25eb440d6eeb9fc60299121020fe726eb2100d03/kotlin-stdlib-1.2.0.jar
7f2b1b238000-7f2b1b239000 r--s 00000000 08:07 1320053                    /home/ayush/.gradle/caches/modules-2/files-2.1/org.jetbrains.kotlin/kotlin-stdlib-jre7/1.2.0/ec8b969e26fbcf2265a4d1a1539c4d1d4c5af380/kotlin-stdlib-jre7-1.2.0.jar
7f2b1b239000-7f2b1b23a000 r--s 00001000 08:07 1320097                    /home/ayush/.gradle/caches/modules-2/files-2.1/com.android.tools/annotations/26.1.2/4f4e0ee71b9ccaa4a70cc86e40fb84ada2ed99a3/annotations-26.1.2.jar
7f2b1b23a000-7f2b1b23f000 r--s 00034000 08:07 1320096                    /home/ayush/.gradle/caches/modules-2/files-2.1/com.google.code.gson/gson/2.7/751f548c85fa49f330cecbb1875893f971b33c4e/gson-2.7.jar
7f2b1b23f000-7f2b1b241000 r--s 00015000 08:07 1320095                    /home/ayush/.gradle/caches/modules-2/files-2.1/com.squareup/javapoet/1.8.0/e858dc62ef484048540d27d36f3ec2177a3fa9b1/javapoet-1.8.0.jar
7f2b1b241000-7f2b1b244000 r--s 00033000 08:07 1320094                    /home/ayush/.gradle/caches/modules-2/files-2.1/com.googlecode.juniversalchardet/juniversalchardet/1.0.3/cd49678784c46aa8789c060538e0154013bb421b/juniversalchardet-1.0.3.jar
7f2b1b244000-7f2b1b248000 r--s 0002a000 08:07 1320093                    /home/ayush/.gradle/caches/modules-2/files-2.1/commons-io/commons-io/2.4/b1b6ea3b7e4aa4f492509a4952029cd8e48019ad/commons-io-2.4.jar
7f2b1b248000-7f2b1b25f000 r--s 00154000 08:07 1320092                    /home/ayush/.gradle/caches/modules-2/files-2.1/org.antlr/antlr4/4.5.3/f35db7e4b2446e4174ba6a73db7bd6b3e6bb5da1/antlr4-4.5.3.jar
7f2b1b25f000-7f2b1b260000 r--s 00003000 08:07 1320091                    /home/ayush/.gradle/caches/modules-2/files-2.1/com.android.databinding/baseLibrary/3.1.2/1b6a1add6a577708b62737dc31c479549f77750d/baseLibrary-3.1.2.jar
7f2b1b260000-7f2b1b294000 r--s 00239000 08:07 1324207                    /home/ayush/.gradle/caches/modules-2/files-2.1/org.jetbrains.kotlin/kotlin-reflect/1.2.0/4bbda3b5425aa38a9f6960468a29c5ef3e8a28c9/kotlin-reflect-1.2.0.jar
7f2b1b294000-7f2b1b295000 r--s 00003000 08:07 1320090                    /home/ayush/.gradle/caches/modules-2/files-2.1/com.googlecode.json-simple/json-simple/1.1/5e303a03d04e6788dddfa3655272580ae0fc13bb/json-simple-1.1.jar
7f2b1b295000-7f2b1b3ba000 r--s 00f5d000 08:07 1320089                    /home/ayush/.gradle/caches/modules-2/files-2.1/it.unimi.dsi/fastutil/7.2.0/5ad3a2bb04143f70aa0765fc29fc29571a7d6b34/fastutil-7.2.0.jar
7f2b1b3ba000-7f2b1b405000 r--s 002ff000 08:07 1320088                    /home/ayush/.gradle/caches/modules-2/files-2.1/org.bouncycastle/bcprov-jdk15on/1.56/a153c6f9744a3e9dd6feab5e210e1c9861362ec7/bcprov-jdk15on-1.56.jar
7f2b1b405000-7f2b1b416000 r--s 00097000 08:07 1320087                    /home/ayush/.gradle/caches/modules-2/files-2.1/org.bouncycastle/bcpkix-jdk15on/1.56/4648af70268b6fdb24674fb1fd7c1fcc73db1231/bcpkix-jdk15on-1.56.jar
7f2b1b416000-7f2b1b418000 r--s 00002000 08:07 1320086                    /home/ayush/.gradle/caches/modules-2/files-2.1/com.squareup/javawriter/2.5.0/81241ff7078ef14f42ea2a8995fa09c096256e6b/javawriter-2.5.0.jar
7f2b1b418000-7f2b1b41d000 r--s 0003f000 08:07 1320084                    /home/ayush/.gradle/caches/modules-2/files-2.1/com.android.tools.build/apksig/3.1.2/5af360dd30015a9a47c8ab0af0e6b05f64760edc/apksig-3.1.2.jar
7f2b1b41d000-7f2b1b42c000 r--s 00143000 08:07 1320078                    /home/ayush/.gradle/caches/modules-2/files-2.1/com.google.protobuf/protobuf-java/3.4.0/b32aba0cbe737a4ca953f71688725972e3ee927c/protobuf-java-3.4.0.jar
7f2b1b42c000-7f2b1b5fe000 r--s 01888000 08:07 1320043                    /home/ayush/.gradle/caches/modules-2/files-2.1/com.android.tools.build/builder/3.1.2/133b1f665104f0ebf01f71b61e4794385d7b5f1b/builder-3.1.2.jar
7f2b1b5fe000-7f2b1b601000 ---p 00000000 00:00 0 
7f2b1b601000-7f2b1b6ff000 rw-p 00000000 00:00 0 
7f2b1b6ff000-7f2b1b702000 ---p 00000000 00:00 0 
7f2b1b702000-7f2b1ba00000 rw-p 00000000 00:00 0 
7f2b1ba00000-7f2b1bc00000 rw-p 00000000 00:00 0 
7f2b1bc00000-7f2b1be00000 rw-p 00000000 00:00 0 
7f2b1be00000-7f2b1c000000 rw-p 00000000 00:00 0 
7f2b1c000000-7f2b1c08f000 rw-p 00000000 00:00 0 
7f2b1c08f000-7f2b20000000 ---p 00000000 00:00 0 
7f2b20000000-7f2b20289000 rw-p 00000000 00:00 0 
7f2b20289000-7f2b24000000 ---p 00000000 00:00 0 
7f2b24000000-7f2b2407e000 rw-p 00000000 00:00 0 
7f2b2407e000-7f2b28000000 ---p 00000000 00:00 0 
7f2b28000000-7f2b28044000 rw-p 00000000 00:00 0 
7f2b28044000-7f2b2c000000 ---p 00000000 00:00 0 
7f2b2c000000-7f2b2c003000 r--s 00007000 08:07 1320083                    /home/ayush/.gradle/caches/modules-2/files-2.1/com.android.tools.build/builder-model/3.1.2/4504b655fa8fe72302020ca9a2387f3f23fbfb57/builder-model-3.1.2.jar
7f2b2c003000-7f2b2c004000 r--s 00002000 08:07 1320079                    /home/ayush/.gradle/caches/modules-2/files-2.1/com.google.errorprone/error_prone_annotations/2.1.2/6dcc08f90f678ac33e5ef78c3c752b6f59e63e0c/error_prone_annotations-2.1.2.jar
7f2b2c004000-7f2b2c01a000 r--s 001f6000 08:07 1320077                    /home/ayush/.gradle/caches/modules-2/files-2.1/com.android.tools.analytics-library/protos/26.1.2/ba53bcde9703b2bf9871128952dce844c5d743fa/protos-26.1.2.jar
7f2b2c01a000-7f2b2c020000 r--s 0007f000 08:07 1320076                    /home/ayush/.gradle/caches/modules-2/files-2.1/com.android.tools.build/aapt2-proto/0.1.0/d1eb93a21a8d3590c3bfac574a8b6dffb2dbd21c/aapt2-proto-0.1.0.jar
7f2b2c020000-7f2b2c050000 r--s 00245000 08:07 1320075                    /home/ayush/.gradle/caches/modules-2/files-2.1/com.google.guava/guava/22.0/3564ef3803de51fb0530a8377ec6100b33b0d073/guava-22.0.jar
7f2b2c050000-7f2b2c054000 r--s 0002f000 08:07 1320074                    /home/ayush/.gradle/caches/modules-2/files-2.1/com.google.jimfs/jimfs/1.1/8fbd0579dc68aba6186935cc1bee21d2f3e7ec1c/jimfs-1.1.jar
7f2b2c054000-7f2b2c058000 r--s 00029000 08:07 1320073                    /home/ayush/.gradle/caches/modules-2/files-2.1/com.android.tools/common/26.1.2/c31bbd68c51ed0ef3b8d7cdd5615acf762473887/common-26.1.2.jar
7f2b2c058000-7f2b2c05a000 r--s 00006000 08:07 1320072                    /home/ayush/.gradle/caches/modules-2/files-2.1/com.android.tools/dvlib/26.1.2/eb39925fee6e726468fc10344ec988c086301ed7/dvlib-26.1.2.jar
7f2b2c05a000-7f2b2c05d000 r--s 00014000 08:07 1320071                    /home/ayush/.gradle/caches/modules-2/files-2.1/com.android.tools.layoutlib/layoutlib-api/26.1.2/3697abf628d30042c1082ea846454dfd1e8da3e/layoutlib-api-26.1.2.jar
7f2b2c05d000-7f2b2c05e000 r--s 00005000 08:07 1320070                    /home/ayush/.gradle/caches/modules-2/files-2.1/com.android.tools.analytics-library/shared/26.1.2/bc21fe64fdaa64e59672e7d546d373f430e7557c/shared-26.1.2.jar
7f2b2c05e000-7f2b2c060000 r--s 00004000 08:07 1320069                    /home/ayush/.gradle/caches/modules-2/files-2.1/com.android.tools.analytics-library/tracker/26.1.2/2d2260da92e50ac072f89d60a596d03aab3a8757/tracker-26.1.2.jar
7f2b2c060000-7f2b2c066000 r--s 0004d000 08:07 1320068                    /home/ayush/.gradle/caches/modules-2/files-2.1/com.android.tools.ddms/ddmlib/26.1.2/1d423e621fb5c89fed13e41d0ed026cf5d8d7e7b/ddmlib-26.1.2.jar
7f2b2c066000-7f2b2c067000 r--s 00003000 08:07 1320067                    /home/ayush/.gradle/caches/modules-2/files-2.1/com.android.tools.build/builder-test-api/3.1.2/ffb00b786822df6538377a90df9f2d11c022efc3/builder-test-api-3.1.2.jar
7f2b2c067000-7f2b2c069000 r--s 0000f000 08:07 1320066                    /home/ayush/.gradle/caches/modules-2/files-2.1/com.google.protobuf/protobuf-java-util/3.4.0/96aba8ab71c16018c6adf66771ce15c6491bc0fe/protobuf-java-util-3.4.0.jar
7f2b2c069000-7f2b2c088000 r--s 0016b000 08:07 1320065                    /home/ayush/.gradle/caches/modules-2/files-2.1/com.google.auto.value/auto-value/1.5.2/1b94ab7ec707e2220a0d1a7517488d1843236345/auto-value-1.5.2.jar
7f2b2c088000-7f2b2c08a000 r--s 00002000 08:07 1320064                    /home/ayush/.gradle/caches/modules-2/files-2.1/net.sf.proguard/proguard-gradle/5.3.3/ad23a0505f58d0dfc95bb1472decc397460406c9/proguard-gradle-5.3.3.jar
7f2b2c08a000-7f2b2c08c000 r--s 0000f000 08:07 1320063                    /home/ayush/.gradle/caches/modules-2/files-2.1/net.sf.jopt-simple/jopt-simple/4.9/ee9e9eaa0a35360dcfeac129ff4923215fd65904/jopt-simple-4.9.jar
7f2b2c08c000-7f2b2c08e000 r--s 0000c000 08:07 1320062                    /home/ayush/.gradle/caches/modules-2/files-2.1/org.ow2.asm/asm/5.1/5ef31c4fe953b1fd00b8a88fa1d6820e8785bb45/asm-5.1.jar
7f2b2c08e000-7f2b2c090000 r--s 00006000 08:07 1320061                    /home/ayush/.gradle/caches/modules-2/files-2.1/org.ow2.asm/asm-tree/5.1/87b38c12a0ea645791ead9d3e74ae5268d1d6c34/asm-tree-5.1.jar
7f2b2c090000-7f2b2c091000 r--s 0000a000 08:07 1320060                    /home/ayush/.gradle/caches/modules-2/files-2.1/org.ow2.asm/asm-util/5.1/b60e33a6bd0d71831e0c249816d01e6c1dd90a47/asm-util-5.1.jar
7f2b2c091000-7f2b2c093000 r--s 0000a000 08:07 1320059                    /home/ayush/.gradle/caches/modules-2/files-2.1/org.ow2.asm/asm-commons/5.1/25d8a575034dd9cfcb375a39b5334f0ba9c8474e/asm-commons-5.1.jar
7f2b2c093000-7f2b2c094000 r--s 00004000 08:07 1320058                    /home/ayush/.gradle/caches/modules-2/files-2.1/org.ow2.asm/asm-analysis/5.1/6d1bf8989fc7901f868bee3863c44f21aa63d110/asm-analysis-5.1.jar
7f2b2c094000-7f2b2c095000 r--s 00000000 08:07 1320057                    /home/ayush/.gradle/caches/modules-2/files-2.1/com.android.tools.build/transform-api/2.0.0-deprecated-use-gradle-api/47f6c56527c42425742fa9b56ffd3fd80763fe03/transform-api-2.0.0-deprecated-use-gradle-api.jar
7f2b2c095000-7f2b2c096000 r--s 00002000 08:07 1320052                    /home/ayush/.gradle/caches/modules-2/files-2.1/org.jetbrains.kotlin/kotlin-stdlib-jre8/1.2.0/505f55b9619bbc5f5e26c77427dd24a6a441eef1/kotlin-stdlib-jre8-1.2.0.jar
7f2b2c096000-7f2b2c09c000 r--s 00030000 08:07 1320051                    /home/ayush/.gradle/caches/modules-2/files-2.1/com.android.tools/repository/26.1.2/c8209ccb8ee0e5e3f293fd71d2a827f440ab811c/repository-26.1.2.jar
7f2b2c09c000-7f2b2c0a6000 r--s 0009c000 08:07 1320050                    /home/ayush/.gradle/caches/modules-2/files-2.1/com.android.tools/sdklib/26.1.2/94697a9dff499b64b6e101bedb89a89825150af/sdklib-26.1.2.jar
7f2b2c0a6000-7f2b2c0b8000 r--s 0010b000 08:07 1320049                    /home/ayush/.gradle/caches/modules-2/files-2.1/com.android.tools/sdk-common/26.1.2/2cf773af3fb0e1bbd56a80fc6903a9d2a40a248/sdk-common-26.1.2.jar
7f2b2c0b8000-7f2b2c0bb000 r--s 0002a000 08:07 1320048                    /home/ayush/.gradle/caches/modules-2/files-2.1/com.android.tools.build/manifest-merger/26.1.2/79f398427650c76f0c66c89f10e4886a1fe68c26/manifest-merger-26.1.2.jar
7f2b2c0bb000-7f2b2c0c1000 r--s 00040000 08:07 1320047                    /home/ayush/.gradle/caches/modules-2/files-2.1/com.android.databinding/compilerCommon/3.1.2/be65c11ded4242932046f23ecfa5c7ccb0e98f46/compilerCommon-3.1.2.jar
7f2b2c0c1000-7f2b2c0c5000 r--s 00013000 08:07 1320046                    /home/ayush/.gradle/caches/modules-2/files-2.1/com.android.tools.build/gradle-api/3.1.2/427e25639a55911cadcf70657c9b2ded2ad6af2b/gradle-api-3.1.2.jar
7f2b2c0c5000-7f2b2c0cc000 r--s 00069000 08:07 1320038                    /home/ayush/.gradle/caches/modules-2/files-2.1/com.android.tools.build/bundletool/0.1.0-alpha01/f7c303e37818223bd98566fcbea29aa0964c4d06/bundletool-0.1.0-alpha01.jar
7f2b2c0cc000-7f2b2c0f6000 r--s 0027e000 08:07 1320117                    /home/ayush/.gradle/caches/modules-2/files-2.1/com.android.tools.build/gradle-core/3.1.2/ccab33656c1baa6514d88f4d9356db19d0e9823b/gradle-core-3.1.2.jar
7f2b2c0f6000-7f2b2c0f8000 r--s 0000a000 08:07 1319453                    /home/ayush/.gradle/caches/modules-2/files-2.1/com.google.gms/google-services/3.2.0/202fd26a10eb8426e49bd1bdbb1ab093ea30bd76/google-services-3.2.0.jar
7f2b2c0f8000-7f2b2c0fb000 ---p 00000000 00:00 0 
7f2b2c0fb000-7f2b2c3f9000 rw-p 00000000 00:00 0 
7f2b2c3f9000-7f2b2c5f9000 rw-p 00000000 00:00 0 
7f2b2c5f9000-7f2b2c5fc000 ---p 00000000 00:00 0 
7f2b2c5fc000-7f2b2c8fa000 rw-p 00000000 00:00 0 
7f2b2c8fa000-7f2b2c8fd000 ---p 00000000 00:00 0 
7f2b2c8fd000-7f2b2c9fb000 rw-p 00000000 00:00 0 
7f2b2c9fb000-7f2b2c9fe000 ---p 00000000 00:00 0 
7f2b2c9fe000-7f2b2cafc000 rw-p 00000000 00:00 0 
7f2b2cafc000-7f2b2caff000 ---p 00000000 00:00 0 
7f2b2caff000-7f2b2cdfd000 rw-p 00000000 00:00 0 
7f2b2cdfd000-7f2b2ce00000 ---p 00000000 00:00 0 
7f2b2ce00000-7f2b2cefe000 rw-p 00000000 00:00 0 
7f2b2cefe000-7f2b2cf01000 ---p 00000000 00:00 0 
7f2b2cf01000-7f2b30000000 rw-p 00000000 00:00 0 
7f2b30000000-7f2b30fc6000 rw-p 00000000 00:00 0 
7f2b30fc6000-7f2b34000000 ---p 00000000 00:00 0 
7f2b34000000-7f2b34043000 rw-p 00000000 00:00 0 
7f2b34043000-7f2b38000000 ---p 00000000 00:00 0 
7f2b38000000-7f2b38021000 rw-p 00000000 00:00 0 
7f2b38021000-7f2b3c000000 ---p 00000000 00:00 0 
7f2b3c000000-7f2b3f585000 rw-p 00000000 00:00 0 
7f2b3f585000-7f2b40000000 ---p 00000000 00:00 0 
7f2b40000000-7f2b40021000 rw-p 00000000 00:00 0 
7f2b40021000-7f2b44000000 ---p 00000000 00:00 0 
7f2b44000000-7f2b44021000 rw-p 00000000 00:00 0 
7f2b44021000-7f2b48000000 ---p 00000000 00:00 0 
7f2b48000000-7f2b48060000 rw-p 00000000 00:00 0 
7f2b48060000-7f2b4c000000 ---p 00000000 00:00 0 
7f2b4c000000-7f2b4c36d000 rw-p 00000000 00:00 0 
7f2b4c36d000-7f2b50000000 ---p 00000000 00:00 0 
7f2b50000000-7f2b50258000 rw-p 00000000 00:00 0 
7f2b50258000-7f2b54000000 ---p 00000000 00:00 0 
7f2b54000000-7f2b54001000 r--s 00004000 08:07 1320045                    /home/ayush/.gradle/caches/modules-2/files-2.1/com.android.tools.lint/lint-gradle-api/26.1.2/8c54aedfe9da66e64402de04883cee083c127a3b/lint-gradle-api-26.1.2.jar
7f2b54001000-7f2b54004000 r--s 0001a000 08:07 1320037                    /home/ayush/.gradle/caches/modules-2/files-2.1/com.android.tools.build/gradle/3.1.2/1608fa49add4d13366db7844998c6e59711f7e2a/gradle-3.1.2.jar
7f2b54004000-7f2b5407d000 r--s 010fd000 08:07 3414372                    /home/ayush/Downloads/.android-studio/jre/lib/tools.jar
7f2b5407d000-7f2b54080000 ---p 00000000 00:00 0 
7f2b54080000-7f2b5417e000 rw-p 00000000 00:00 0 
7f2b5417e000-7f2b54181000 ---p 00000000 00:00 0 
7f2b54181000-7f2b5427f000 rw-p 00000000 00:00 0 
7f2b5427f000-7f2b54282000 ---p 00000000 00:00 0 
7f2b54282000-7f2b54380000 rw-p 00000000 00:00 0 
7f2b54380000-7f2b54383000 ---p 00000000 00:00 0 
7f2b54383000-7f2b54481000 rw-p 00000000 00:00 0 
7f2b54481000-7f2b54488000 r--s 00000000 08:07 4859205                    /usr/lib/x86_64-linux-gnu/gconv/gconv-modules.cache
7f2b54488000-7f2b5448b000 ---p 00000000 00:00 0 
7f2b5448b000-7f2b54589000 rw-p 00000000 00:00 0 
7f2b54589000-7f2b5458e000 r--s 0009a000 08:07 3414524                    /home/ayush/Downloads/.android-studio/jre/jre/lib/jsse.jar
7f2b5458e000-7f2b5478e000 rw-p 00000000 00:00 0 
7f2b5478e000-7f2b54797000 r-xp 00000000 08:07 3414469                    /home/ayush/Downloads/.android-studio/jre/jre/lib/amd64/libmanagement.so
7f2b54797000-7f2b54996000 ---p 00009000 08:07 3414469                    /home/ayush/Downloads/.android-studio/jre/jre/lib/amd64/libmanagement.so
7f2b54996000-7f2b54997000 r--p 00008000 08:07 3414469                    /home/ayush/Downloads/.android-studio/jre/jre/lib/amd64/libmanagement.so
7f2b54997000-7f2b54998000 rw-p 00009000 08:07 3414469                    /home/ayush/Downloads/.android-studio/jre/jre/lib/amd64/libmanagement.so
7f2b54998000-7f2b5499a000 r--s 00007000 08:07 2506664                    /home/ayush/.gradle/wrapper/dists/gradle-4.4-all/9br9xq1tocpiv8o6njlyu5op1/gradle-4.4/lib/plugins/gradle-tooling-api-builders-4.4.jar
7f2b5499a000-7f2b5499e000 r--s 00014000 08:07 2506621                    /home/ayush/.gradle/wrapper/dists/gradle-4.4-all/9br9xq1tocpiv8o6njlyu5op1/gradle-4.4/lib/plugins/gradle-testing-native-4.4.jar
7f2b5499e000-7f2b549a0000 r--s 00009000 08:07 2506781                    /home/ayush/.gradle/wrapper/dists/gradle-4.4-all/9br9xq1tocpiv8o6njlyu5op1/gradle-4.4/lib/plugins/hamcrest-core-1.3.jar
7f2b549a0000-7f2b549a5000 r--s 0005a000 08:07 2506736                    /home/ayush/.gradle/wrapper/dists/gradle-4.4-all/9br9xq1tocpiv8o6njlyu5op1/gradle-4.4/lib/plugins/bsh-2.0b6.jar
7f2b549a5000-7f2b549a7000 r--s 00006000 08:07 2506777                    /home/ayush/.gradle/wrapper/dists/gradle-4.4-all/9br9xq1tocpiv8o6njlyu5op1/gradle-4.4/lib/plugins/jcommander-1.12.jar
7f2b549a7000-7f2b549ad000 r--s 00033000 08:07 2506778                    /home/ayush/.gradle/wrapper/dists/gradle-4.4-all/9br9xq1tocpiv8o6njlyu5op1/gradle-4.4/lib/plugins/snakeyaml-1.6.jar
7f2b549ad000-7f2b549b6000 r--s 00089000 08:07 2506734                    /home/ayush/.gradle/wrapper/dists/gradle-4.4-all/9br9xq1tocpiv8o6njlyu5op1/gradle-4.4/lib/plugins/testng-6.3.1.jar
7f2b549b6000-7f2b549be000 r--s 00045000 08:07 2506735                    /home/ayush/.gradle/wrapper/dists/gradle-4.4-all/9br9xq1tocpiv8o6njlyu5op1/gradle-4.4/lib/plugins/junit-4.12.jar
7f2b549be000-7f2b549c2000 r--s 00019000 08:07 2506679                    /home/ayush/.gradle/wrapper/dists/gradle-4.4-all/9br9xq1tocpiv8o6njlyu5op1/gradle-4.4/lib/plugins/gradle-testing-jvm-4.4.jar
7f2b549c2000-7f2b549ca000 r--s 00030000 08:07 2506686                    /home/ayush/.gradle/wrapper/dists/gradle-4.4-all/9br9xq1tocpiv8o6njlyu5op1/gradle-4.4/lib/plugins/gradle-testing-base-4.4.jar
7f2b549ca000-7f2b549d1000 r--s 00043000 08:07 2506728                    /home/ayush/.gradle/wrapper/dists/gradle-4.4-all/9br9xq1tocpiv8o6njlyu5op1/gradle-4.4/lib/plugins/bcpg-jdk15on-1.58.jar
7f2b549d1000-7f2b549d3000 r--s 0000c000 08:07 2506618                    /home/ayush/.gradle/wrapper/dists/gradle-4.4-all/9br9xq1tocpiv8o6njlyu5op1/gradle-4.4/lib/plugins/gradle-signing-4.4.jar
7f2b549d3000-7f2b549d5000 r--s 00007000 08:07 2506631                    /home/ayush/.gradle/wrapper/dists/gradle-4.4-all/9br9xq1tocpiv8o6njlyu5op1/gradle-4.4/lib/plugins/gradle-scala-4.4.jar
7f2b549d5000-7f2b549d6000 r--s 00004000 08:07 2506711                    /home/ayush/.gradle/wrapper/dists/gradle-4.4-all/9br9xq1tocpiv8o6njlyu5op1/gradle-4.4/lib/plugins/gradle-resources-sftp-4.4.jar
7f2b549d6000-7f2b549e4000 r--s 00087000 08:07 2506744                    /home/ayush/.gradle/wrapper/dists/gradle-4.4-all/9br9xq1tocpiv8o6njlyu5op1/gradle-4.4/lib/plugins/aws-java-sdk-core-1.11.6.jar
7f2b549e4000-7f2b549eb000 r--s 00057000 08:07 2506743                    /home/ayush/.gradle/wrapper/dists/gradle-4.4-all/9br9xq1tocpiv8o6njlyu5op1/gradle-4.4/lib/plugins/aws-java-sdk-kms-1.11.6.jar
7f2b549eb000-7f2b549f8000 r--s 0008e000 08:07 2506742                    /home/ayush/.gradle/wrapper/dists/gradle-4.4-all/9br9xq1tocpiv8o6njlyu5op1/gradle-4.4/lib/plugins/aws-java-sdk-s3-1.11.6.jar
7f2b549f8000-7f2b549fa000 r--s 00004000 08:07 2506699                    /home/ayush/.gradle/wrapper/dists/gradle-4.4-all/9br9xq1tocpiv8o6njlyu5op1/gradle-4.4/lib/plugins/gradle-resources-s3-4.4.jar
7f2b549fa000-7f2b54a0a000 r--s 00088000 08:07 2506748                    /home/ayush/.gradle/wrapper/dists/gradle-4.4-all/9br9xq1tocpiv8o6njlyu5op1/gradle-4.4/lib/plugins/joda-time-2.8.2.jar
7f2b54a0a000-7f2b54a1c000 r--s 0011e000 08:07 2506747                    /home/ayush/.gradle/wrapper/dists/gradle-4.4-all/9br9xq1tocpiv8o6njlyu5op1/gradle-4.4/lib/plugins/jackson-databind-2.8.9.jar
7f2b54a1c000-7f2b54a1f000 r--s 0000b000 08:07 2506746                    /home/ayush/.gradle/wrapper/dists/gradle-4.4-all/9br9xq1tocpiv8o6njlyu5op1/gradle-4.4/lib/plugins/jackson-annotations-2.8.9.jar
7f2b54a1f000-7f2b54a23000 r--s 00042000 08:07 2506745                    /home/ayush/.gradle/wrapper/dists/gradle-4.4-all/9br9xq1tocpiv8o6njlyu5op1/gradle-4.4/lib/plugins/jackson-core-2.8.9.jar
7f2b54a23000-7f2b54a24000 r--s 00001000 08:07 2506718                    /home/ayush/.gradle/wrapper/dists/gradle-4.4-all/9br9xq1tocpiv8o6njlyu5op1/gradle-4.4/lib/plugins/google-http-client-jackson2-1.22.0.jar
7f2b54a24000-7f2b54a2d000 r--s 0004f000 08:07 2506719                    /home/ayush/.gradle/wrapper/dists/gradle-4.4-all/9br9xq1tocpiv8o6njlyu5op1/gradle-4.4/lib/plugins/google-http-client-1.22.0.jar
7f2b54a2d000-7f2b54a2f000 r--s 0000d000 08:07 2506717                    /home/ayush/.gradle/wrapper/dists/gradle-4.4-all/9br9xq1tocpiv8o6njlyu5op1/gradle-4.4/lib/plugins/google-oauth-client-1.22.0.jar
7f2b54a2f000-7f2b54a34000 r--s 0002c000 08:07 2506716                    /home/ayush/.gradle/wrapper/dists/gradle-4.4-all/9br9xq1tocpiv8o6njlyu5op1/gradle-4.4/lib/plugins/google-api-client-1.22.0.jar
7f2b54a34000-7f2b54a37000 r--s 00016000 08:07 2506715                    /home/ayush/.gradle/wrapper/dists/gradle-4.4-all/9br9xq1tocpiv8o6njlyu5op1/gradle-4.4/lib/plugins/google-api-services-storage-v1-rev78-1.22.0.jar
7f2b54a37000-7f2b54a39000 r--s 00003000 08:07 2506700                    /home/ayush/.gradle/wrapper/dists/gradle-4.4-all/9br9xq1tocpiv8o6njlyu5op1/gradle-4.4/lib/plugins/gradle-resources-gcs-4.4.jar
7f2b54a39000-7f2b54a3b000 r--s 00010000 08:07 2506687                    /home/ayush/.gradle/wrapper/dists/gradle-4.4-all/9br9xq1tocpiv8o6njlyu5op1/gradle-4.4/lib/plugins/gradle-reporting-4.4.jar
7f2b54a3b000-7f2b54a3d000 r--s 00005000 08:07 2506690                    /home/ayush/.gradle/wrapper/dists/gradle-4.4-all/9br9xq1tocpiv8o6njlyu5op1/gradle-4.4/lib/plugins/gradle-publish-4.4.jar
7f2b54a3d000-7f2b54a3f000 r--s 00009000 08:07 2506721                    /home/ayush/.gradle/wrapper/dists/gradle-4.4-all/9br9xq1tocpiv8o6njlyu5op1/gradle-4.4/lib/plugins/commons-cli-1.2.jar
7f2b54a3f000-7f2b54a45000 r--s 00038000 08:07 2506658                    /home/ayush/.gradle/wrapper/dists/gradle-4.4-all/9br9xq1tocpiv8o6njlyu5op1/gradle-4.4/lib/plugins/gradle-plugins-4.4.jar
7f2b54a45000-7f2b54a47000 r--s 00009000 08:07 2506625                    /home/ayush/.gradle/wrapper/dists/gradle-4.4-all/9br9xq1tocpiv8o6njlyu5op1/gradle-4.4/lib/plugins/gradle-plugin-development-4.4.jar
7f2b54a47000-7f2b54a4e000 r--s 0002e000 08:07 2506641                    /home/ayush/.gradle/wrapper/dists/gradle-4.4-all/9br9xq1tocpiv8o6njlyu5op1/gradle-4.4/lib/plugins/gradle-platform-play-4.4.jar
7f2b54a4e000-7f2b54a5f000 r--s 00069000 08:07 2506683                    /home/ayush/.gradle/wrapper/dists/gradle-4.4-all/9br9xq1tocpiv8o6njlyu5op1/gradle-4.4/lib/plugins/gradle-platform-native-4.4.jar
7f2b54a5f000-7f2b54a63000 r--s 0001b000 08:07 2506682                    /home/ayush/.gradle/wrapper/dists/gradle-4.4-all/9br9xq1tocpiv8o6njlyu5op1/gradle-4.4/lib/plugins/gradle-platform-jvm-4.4.jar
7f2b54a63000-7f2b54a6a000 r--s 00028000 08:07 2506695                    /home/ayush/.gradle/wrapper/dists/gradle-4.4-all/9br9xq1tocpiv8o6njlyu5op1/gradle-4.4/lib/plugins/gradle-platform-base-4.4.jar
7f2b54a6a000-7f2b54a95000 r--s 00247000 08:07 2506722                    /home/ayush/.gradle/wrapper/dists/gradle-4.4-all/9br9xq1tocpiv8o6njlyu5op1/gradle-4.4/lib/plugins/biz.aQute.bndlib-3.4.0.jar
7f2b54a95000-7f2b54a96000 r--s 00004000 08:07 2506617                    /home/ayush/.gradle/wrapper/dists/gradle-4.4-all/9br9xq1tocpiv8o6njlyu5op1/gradle-4.4/lib/plugins/gradle-osgi-4.4.jar
7f2b54a96000-7f2b54a99000 r--s 0000c000 08:07 2506725                    /home/ayush/.gradle/wrapper/dists/gradle-4.4-all/9br9xq1tocpiv8o6njlyu5op1/gradle-4.4/lib/plugins/pmaven-groovy-0.8-20100325.jar
7f2b54a99000-7f2b54a9a000 r--s 00004000 08:07 2506724                    /home/ayush/.gradle/wrapper/dists/gradle-4.4-all/9br9xq1tocpiv8o6njlyu5op1/gradle-4.4/lib/plugins/pmaven-common-0.8-20100325.jar
7f2b54a9a000-7f2b54aa0000 r--s 00025000 08:07 2506628                    /home/ayush/.gradle/wrapper/dists/gradle-4.4-all/9br9xq1tocpiv8o6njlyu5op1/gradle-4.4/lib/plugins/gradle-maven-4.4.jar
7f2b54aa0000-7f2b54aa3000 r--s 0000b000 08:07 2506675                    /home/ayush/.gradle/wrapper/dists/gradle-4.4-all/9br9xq1tocpiv8o6njlyu5op1/gradle-4.4/lib/plugins/gradle-language-scala-4.4.jar
7f2b54aa3000-7f2b54aac000 r--s 00036000 08:07 2506623                    /home/ayush/.gradle/wrapper/dists/gradle-4.4-all/9br9xq1tocpiv8o6njlyu5op1/gradle-4.4/lib/plugins/gradle-language-native-4.4.jar
7f2b54aac000-7f2b54aae000 r--s 00005000 08:07 2506681                    /home/ayush/.gradle/wrapper/dists/gradle-4.4-all/9br9xq1tocpiv8o6njlyu5op1/gradle-4.4/lib/plugins/gradle-language-jvm-4.4.jar
7f2b54aae000-7f2b54ab5000 r--s 00030000 08:07 2506680                    /home/ayush/.gradle/wrapper/dists/gradle-4.4-all/9br9xq1tocpiv8o6njlyu5op1/gradle-4.4/lib/plugins/gradle-language-java-4.4.jar
7f2b54ab5000-7f2b54ab8000 r--s 0000a000 08:07 2506674                    /home/ayush/.gradle/wrapper/dists/gradle-4.4-all/9br9xq1tocpiv8o6njlyu5op1/gradle-4.4/lib/plugins/gradle-language-groovy-4.4.jar
7f2b54ab8000-7f2b54abf000 r--s 00035000 08:07 2506731                    /home/ayush/.gradle/wrapper/dists/gradle-4.4-all/9br9xq1tocpiv8o6njlyu5op1/gradle-4.4/lib/plugins/simple-4.1.21.jar
7f2b54abf000-7f2b54acb000 r--s 00100000 08:07 2506729                    /home/ayush/.gradle/wrapper/dists/gradle-4.4-all/9br9xq1tocpiv8o6njlyu5op1/gradle-4.4/lib/plugins/rhino-1.7R3.jar
7f2b54acb000-7f2b54acf000 r--s 00011000 08:07 2506642                    /home/ayush/.gradle/wrapper/dists/gradle-4.4-all/9br9xq1tocpiv8o6njlyu5op1/gradle-4.4/lib/plugins/gradle-javascript-4.4.jar
7f2b54acf000-7f2b54ad2000 r--s 00011000 08:07 2506650                    /home/ayush/.gradle/wrapper/dists/gradle-4.4-all/9br9xq1tocpiv8o6njlyu5op1/gradle-4.4/lib/plugins/gradle-jacoco-4.4.jar
7f2b54ad2000-7f2b54ad6000 r--s 0000e000 08:07 2506648                    /home/ayush/.gradle/wrapper/dists/gradle-4.4-all/9br9xq1tocpiv8o6njlyu5op1/gradle-4.4/lib/plugins/gradle-ivy-4.4.jar
7f2b54ad6000-7f2b54ad7000 r--s 00002000 08:07 2506629                    /home/ayush/.gradle/wrapper/dists/gradle-4.4-all/9br9xq1tocpiv8o6njlyu5op1/gradle-4.4/lib/plugins/gradle-ide-play-4.4.jar
7f2b54ad7000-7f2b54ad8000 r--s 00011000 08:07 2506732                    /home/ayush/.gradle/wrapper/dists/gradle-4.4-all/9br9xq1tocpiv8o6njlyu5op1/gradle-4.4/lib/plugins/dd-plist-1.20.jar
7f2b54ad8000-7f2b54ade000 r--s 00027000 08:07 2506619                    /home/ayush/.gradle/wrapper/dists/gradle-4.4-all/9br9xq1tocpiv8o6njlyu5op1/gradle-4.4/lib/plugins/gradle-ide-native-4.4.jar
7f2b54ade000-7f2b54ae8000 r--s 00056000 08:07 2506630                    /home/ayush/.gradle/wrapper/dists/gradle-4.4-all/9br9xq1tocpiv8o6njlyu5op1/gradle-4.4/lib/plugins/gradle-ide-4.4.jar
7f2b54ae8000-7f2b54aea000 r--s 00007000 08:07 2506640                    /home/ayush/.gradle/wrapper/dists/gradle-4.4-all/9br9xq1tocpiv8o6njlyu5op1/gradle-4.4/lib/plugins/gradle-ear-4.4.jar
7f2b54aea000-7f2b54aec000 r--s 00005000 08:07 2506714                    /home/ayush/.gradle/wrapper/dists/gradle-4.4-all/9br9xq1tocpiv8o6njlyu5op1/gradle-4.4/lib/plugins/jatl-0.2.2.jar
7f2b54aec000-7f2b54af2000 r--s 00039000 08:07 2506684                    /home/ayush/.gradle/wrapper/dists/gradle-4.4-all/9br9xq1tocpiv8o6njlyu5op1/gradle-4.4/lib/plugins/gradle-diagnostics-4.4.jar
7f2b54af2000-7f2b54af4000 r--s 0000b000 08:07 2506668                    /home/ayush/.gradle/wrapper/dists/gradle-4.4-all/9br9xq1tocpiv8o6njlyu5op1/gradle-4.4/lib/plugins/gradle-composite-builds-4.4.jar
7f2b54af4000-7f2b54af9000 r--s 00026000 08:07 2506612                    /home/ayush/.gradle/wrapper/dists/gradle-4.4-all/9br9xq1tocpiv8o6njlyu5op1/gradle-4.4/lib/plugins/gradle-code-quality-4.4.jar
7f2b54af9000-7f2b54afe000 r--s 00022000 08:07 2506657                    /home/ayush/.gradle/wrapper/dists/gradle-4.4-all/9br9xq1tocpiv8o6njlyu5op1/gradle-4.4/lib/plugins/gradle-build-init-4.4.jar
7f2b54afe000-7f2b54b05000 r--s 0005d000 08:07 2506635                    /home/ayush/.gradle/wrapper/dists/gradle-4.4-all/9br9xq1tocpiv8o6njlyu5op1/gradle-4.4/lib/plugins/gradle-build-comparison-4.4.jar
7f2b54b05000-7f2b54b06000 r--s 00002000 08:07 2506707                    /home/ayush/.gradle/wrapper/dists/gradle-4.4-all/9br9xq1tocpiv8o6njlyu5op1/gradle-4.4/lib/plugins/gradle-build-cache-http-4.4.jar
7f2b54b06000-7f2b54b08000 r--s 00008000 08:07 2506616                    /home/ayush/.gradle/wrapper/dists/gradle-4.4-all/9br9xq1tocpiv8o6njlyu5op1/gradle-4.4/lib/plugins/gradle-antlr-4.4.jar
7f2b54b08000-7f2b54b0a000 r--s 00004000 08:07 2506670                    /home/ayush/.gradle/wrapper/dists/gradle-4.4-all/9br9xq1tocpiv8o6njlyu5op1/gradle-4.4/lib/plugins/gradle-announce-4.4.jar
7f2b54b0a000-7f2b54b0c000 r--s 00009000 08:07 2505357                    /home/ayush/.gradle/wrapper/dists/gradle-4.4-all/9br9xq1tocpiv8o6njlyu5op1/gradle-4.4/lib/gradle-kotlin-dsl-tooling-builders-0.13.1.jar
7f2b54b0c000-7f2b54b0f000 r--s 0000b000 08:07 2506698                    /home/ayush/.gradle/wrapper/dists/gradle-4.4-all/9br9xq1tocpiv8o6njlyu5op1/gradle-4.4/lib/plugins/gradle-plugin-use-4.4.jar
7f2b54b0f000-7f2b54b10000 r--s 00000000 08:07 2505368                    /home/ayush/.gradle/wrapper/dists/gradle-4.4-all/9br9xq1tocpiv8o6njlyu5op1/gradle-4.4/lib/gradle-runtime-api-info-4.4.jar
7f2b54b10000-7f2b54b13000 r--s 0001c000 08:07 2506738                    /home/ayush/.gradle/wrapper/dists/gradle-4.4-all/9br9xq1tocpiv8o6njlyu5op1/gradle-4.4/lib/plugins/nekohtml-1.9.14.jar
7f2b54b13000-7f2b54b2c000 r--s 00135000 08:07 2506739                    /home/ayush/.gradle/wrapper/dists/gradle-4.4-all/9br9xq1tocpiv8o6njlyu5op1/gradle-4.4/lib/plugins/xercesImpl-2.11.0.jar
7f2b54b2c000-7f2b54b2f000 r--s 0000c000 08:07 2506710                    /home/ayush/.gradle/wrapper/dists/gradle-4.4-all/9br9xq1tocpiv8o6njlyu5op1/gradle-4.4/lib/plugins/gradle-resources-http-4.4.jar
7f2b54b2f000-7f2b54b36000 r--s 00049000 08:07 2506779                    /home/ayush/.gradle/wrapper/dists/gradle-4.4-all/9br9xq1tocpiv8o6njlyu5op1/gradle-4.4/lib/plugins/httpcore-4.4.4.jar
7f2b54b36000-7f2b54b3c000 r--s 00033000 08:07 2506727                    /home/ayush/.gradle/wrapper/dists/gradle-4.4-all/9br9xq1tocpiv8o6njlyu5op1/gradle-4.4/lib/plugins/commons-codec-1.6.jar
7f2b54b3c000-7f2b54b42000 r--s 0005b000 08:07 2506737                    /home/ayush/.gradle/wrapper/dists/gradle-4.4-all/9br9xq1tocpiv8o6njlyu5op1/gradle-4.4/lib/plugins/jcifs-1.3.17.jar
7f2b54b42000-7f2b54b4f000 r--s 000a4000 08:07 2506720                    /home/ayush/.gradle/wrapper/dists/gradle-4.4-all/9br9xq1tocpiv8o6njlyu5op1/gradle-4.4/lib/plugins/httpclient-4.4.1.jar
7f2b54b4f000-7f2b54b72000 r--s 00223000 08:07 2506780                    /home/ayush/.gradle/wrapper/dists/gradle-4.4-all/9br9xq1tocpiv8o6njlyu5op1/gradle-4.4/lib/plugins/org.eclipse.jgit-4.5.3.201708160445-r.jar
7f2b54b72000-7f2b54b73000 r--s 00005000 08:07 2506713                    /home/ayush/.gradle/wrapper/dists/gradle-4.4-all/9br9xq1tocpiv8o6njlyu5op1/gradle-4.4/lib/plugins/gradle-version-control-4.4.jar
7f2b54b73000-7f2b54b74000 r--s 00000000 08:07 2505372                    /home/ayush/.gradle/wrapper/dists/gradle-4.4-all/9br9xq1tocpiv8o6njlyu5op1/gradle-4.4/lib/gradle-installation-beacon-4.4.jar
7f2b54b74000-7f2b54bc7000 r--s 00373000 08:07 2506750                    /home/ayush/.gradle/wrapper/dists/gradle-4.4-all/9br9xq1tocpiv8o6njlyu5op1/gradle-4.4/lib/plugins/bcprov-jdk15on-1.58.jar
7f2b54bc7000-7f2b54bcb000 r--s 0001d000 08:07 2506749                    /home/ayush/.gradle/wrapper/dists/gradle-4.4-all/9br9xq1tocpiv8o6njlyu5op1/gradle-4.4/lib/plugins/xbean-reflect-3.4.jar
7f2b54bcb000-7f2b54bcd000 r--s 0000a000 08:07 2506751                    /home/ayush/.gradle/wrapper/dists/gradle-4.4-all/9br9xq1tocpiv8o6njlyu5op1/gradle-4.4/lib/plugins/maven-settings-3.0.4.jar
7f2b54bcd000-7f2b54bd0000 r--s 00008000 08:07 2506752                    /home/ayush/.gradle/wrapper/dists/gradle-4.4-all/9br9xq1tocpiv8o6njlyu5op1/gradle-4.4/lib/plugins/maven-settings-builder-3.0.4.jar
7f2b54bd0000-7f2b54bd3000 r--s 00034000 08:07 2506753                    /home/ayush/.gradle/wrapper/dists/gradle-4.4-all/9br9xq1tocpiv8o6njlyu5op1/gradle-4.4/lib/plugins/plexus-utils-2.1.jar
7f2b54bd3000-7f2b54bd5000 r--s 0000d000 08:07 2506754                    /home/ayush/.gradle/wrapper/dists/gradle-4.4-all/9br9xq1tocpiv8o6njlyu5op1/gradle-4.4/lib/plugins/plexus-interpolation-1.14.jar
7f2b54bd5000-7f2b54bd7000 r--s 00000000 08:07 2506726                    /home/ayush/.gradle/wrapper/dists/gradle-4.4-all/9br9xq1tocpiv8o6njlyu5op1/gradle-4.4/lib/plugins/plexus-component-annotations-1.5.5.jar
7f2b54bd7000-7f2b54bde000 r--s 0002e000 08:07 2506755                    /home/ayush/.gradle/wrapper/dists/gradle-4.4-all/9br9xq1tocpiv8o6njlyu5op1/gradle-4.4/lib/plugins/plexus-container-default-1.5.5.jar
7f2b54bde000-7f2b54be0000 r--s 0000a000 08:07 2506756                    /home/ayush/.gradle/wrapper/dists/gradle-4.4-all/9br9xq1tocpiv8o6njlyu5op1/gradle-4.4/lib/plugins/plexus-classworlds-2.4.jar
7f2b54be0000-7f2b54be2000 r--s 00002000 08:07 2506757                    /home/ayush/.gradle/wrapper/dists/gradle-4.4-all/9br9xq1tocpiv8o6njlyu5op1/gradle-4.4/lib/plugins/plexus-cipher-1.7.jar
7f2b54be2000-7f2b54be3000 r--s 00006000 08:07 2506758                    /home/ayush/.gradle/wrapper/dists/gradle-4.4-all/9br9xq1tocpiv8o6njlyu5op1/gradle-4.4/lib/plugins/plexus-sec-dispatcher-1.3.jar
7f2b54be3000-7f2b54be9000 r--s 0003f000 08:07 2506759                    /home/ayush/.gradle/wrapper/dists/gradle-4.4-all/9br9xq1tocpiv8o6njlyu5op1/gradle-4.4/lib/plugins/maven-compat-3.0.4.jar
7f2b54be9000-7f2b54bed000 r--s 00021000 08:07 2506760                    /home/ayush/.gradle/wrapper/dists/gradle-4.4-all/9br9xq1tocpiv8o6njlyu5op1/gradle-4.4/lib/plugins/maven-model-builder-3.0.4.jar
7f2b54bed000-7f2b54bef000 r--s 00026000 08:07 2506761                    /home/ayush/.gradle/wrapper/dists/gradle-4.4-all/9br9xq1tocpiv8o6njlyu5op1/gradle-4.4/lib/plugins/maven-model-3.0.4.jar
7f2b54bef000-7f2b54bf1000 r--s 0000b000 08:07 2506762                    /home/ayush/.gradle/wrapper/dists/gradle-4.4-all/9br9xq1tocpiv8o6njlyu5op1/gradle-4.4/lib/plugins/maven-artifact-3.0.4.jar
7f2b54bf1000-7f2b54bf3000 r--s 00006000 08:07 2506763                    /home/ayush/.gradle/wrapper/dists/gradle-4.4-all/9br9xq1tocpiv8o6njlyu5op1/gradle-4.4/lib/plugins/maven-repository-metadata-3.0.4.jar
7f2b54bf3000-7f2b54bf5000 r--s 0000b000 08:07 2506764                    /home/ayush/.gradle/wrapper/dists/gradle-4.4-all/9br9xq1tocpiv8o6njlyu5op1/gradle-4.4/lib/plugins/maven-plugin-api-3.0.4.jar
7f2b54bf5000-7f2b54bf7000 r--s 0000c000 08:07 2506765                    /home/ayush/.gradle/wrapper/dists/gradle-4.4-all/9br9xq1tocpiv8o6njlyu5op1/gradle-4.4/lib/plugins/maven-aether-provider-3.0.4.jar
7f2b54bf7000-7f2b54bf8000 r--s 00002000 08:07 2506766                    /home/ayush/.gradle/wrapper/dists/gradle-4.4-all/9br9xq1tocpiv8o6njlyu5op1/gradle-4.4/lib/plugins/wagon-file-2.4.jar
7f2b54bf8000-7f2b54bf9000 r--s 00002000 08:07 2506767                    /home/ayush/.gradle/wrapper/dists/gradle-4.4-all/9br9xq1tocpiv8o6njlyu5op1/gradle-4.4/lib/plugins/wagon-http-2.4.jar
7f2b54bf9000-7f2b54bfb000 r--s 0000b000 08:07 2506768                    /home/ayush/.gradle/wrapper/dists/gradle-4.4-all/9br9xq1tocpiv8o6njlyu5op1/gradle-4.4/lib/plugins/wagon-provider-api-2.4.jar
7f2b54bfb000-7f2b54bfc000 r--s 00007000 08:07 2506769                    /home/ayush/.gradle/wrapper/dists/gradle-4.4-all/9br9xq1tocpiv8o6njlyu5op1/gradle-4.4/lib/plugins/wagon-http-shared4-2.4.jar
7f2b54bfc000-7f2b54bff000 r--s 00013000 08:07 2506771                    /home/ayush/.gradle/wrapper/dists/gradle-4.4-all/9br9xq1tocpiv8o6njlyu5op1/gradle-4.4/lib/plugins/aether-api-1.13.1.jar
7f2b54bff000-7f2b54c02000 r--s 0001d000 08:07 2506773                    /home/ayush/.gradle/wrapper/dists/gradle-4.4-all/9br9xq1tocpiv8o6njlyu5op1/gradle-4.4/lib/plugins/aether-impl-1.13.1.jar
7f2b54c02000-7f2b54c06000 r--s 0001c000 08:07 2506775                    /home/ayush/.gradle/wrapper/dists/gradle-4.4-all/9br9xq1tocpiv8o6njlyu5op1/gradle-4.4/lib/plugins/aether-util-1.13.1.jar
7f2b54c06000-7f2b54c12000 r--s 0007d000 08:07 2506723                    /home/ayush/.gradle/wrapper/dists/gradle-4.4-all/9br9xq1tocpiv8o6njlyu5op1/gradle-4.4/lib/plugins/maven-core-3.0.4.jar
7f2b54c12000-7f2b54c38000 r--s 00133000 08:07 2506709                    /home/ayush/.gradle/wrapper/dists/gradle-4.4-all/9br9xq1tocpiv8o6njlyu5op1/gradle-4.4/lib/plugins/gradle-dependency-management-4.4.jar
7f2b54c38000-7f2b54c4e000 r-xp 00000000 08:07 4199355                    /lib/x86_64-linux-gnu/libgcc_s.so.1
7f2b54c4e000-7f2b54e4d000 ---p 00016000 08:07 4199355                    /lib/x86_64-linux-gnu/libgcc_s.so.1
7f2b54e4d000-7f2b54e4e000 rw-p 00015000 08:07 4199355                    /lib/x86_64-linux-gnu/libgcc_s.so.1
7f2b54e4e000-7f2b54fc0000 r-xp 00000000 08:07 4462419                    /usr/lib/x86_64-linux-gnu/libstdc++.so.6.0.21
7f2b54fc0000-7f2b551c0000 ---p 00172000 08:07 4462419                    /usr/lib/x86_64-linux-gnu/libstdc++.so.6.0.21
7f2b551c0000-7f2b551ca000 r--p 00172000 08:07 4462419                    /usr/lib/x86_64-linux-gnu/libstdc++.so.6.0.21
7f2b551ca000-7f2b551cc000 rw-p 0017c000 08:07 4462419                    /usr/lib/x86_64-linux-gnu/libstdc++.so.6.0.21
7f2b551cc000-7f2b551d0000 rw-p 00000000 00:00 0 
7f2b551d0000-7f2b551d1000 r--s 00003000 08:07 2506774                    /home/ayush/.gradle/wrapper/dists/gradle-4.4-all/9br9xq1tocpiv8o6njlyu5op1/gradle-4.4/lib/plugins/aether-spi-1.13.1.jar
7f2b551d1000-7f2b551d3000 r--s 00006000 08:07 2506776                    /home/ayush/.gradle/wrapper/dists/gradle-4.4-all/9br9xq1tocpiv8o6njlyu5op1/gradle-4.4/lib/plugins/aether-connector-wagon-1.13.1.jar
7f2b551d3000-7f2b551d8000 r--s 00034000 08:07 2506730                    /home/ayush/.gradle/wrapper/dists/gradle-4.4-all/9br9xq1tocpiv8o6njlyu5op1/gradle-4.4/lib/plugins/gson-2.7.jar
7f2b551d8000-7f2b551dd000 r--s 00040000 08:07 2506741                    /home/ayush/.gradle/wrapper/dists/gradle-4.4-all/9br9xq1tocpiv8o6njlyu5op1/gradle-4.4/lib/plugins/jsch-0.1.54.jar
7f2b551dd000-7f2b551ec000 r--s 000d9000 08:07 2506740                    /home/ayush/.gradle/wrapper/dists/gradle-4.4-all/9br9xq1tocpiv8o6njlyu5op1/gradle-4.4/lib/plugins/ivy-2.2.0.jar
7f2b551ec000-7f2b551ef000 r--s 0000d000 08:07 2506712                    /home/ayush/.gradle/wrapper/dists/gradle-4.4-all/9br9xq1tocpiv8o6njlyu5op1/gradle-4.4/lib/plugins/gradle-workers-4.4.jar
7f2b551ef000-7f2b551f4000 r-xp 00000000 08:07 2512778                    /home/ayush/.gradle/native/25/linux-amd64/libnative-platform.so
7f2b551f4000-7f2b553f3000 ---p 00005000 08:07 2512778                    /home/ayush/.gradle/native/25/linux-amd64/libnative-platform.so
7f2b553f3000-7f2b553f4000 rw-p 00004000 08:07 2512778                    /home/ayush/.gradle/native/25/linux-amd64/libnative-platform.so
7f2b553f4000-7f2b55405000 r-xp 00000000 08:07 3414493                    /home/ayush/Downloads/.android-studio/jre/jre/lib/amd64/libnio.so
7f2b55405000-7f2b55604000 ---p 00011000 08:07 3414493                    /home/ayush/Downloads/.android-studio/jre/jre/lib/amd64/libnio.so
7f2b55604000-7f2b55605000 r--p 00010000 08:07 3414493                    /home/ayush/Downloads/.android-studio/jre/jre/lib/amd64/libnio.so
7f2b55605000-7f2b55606000 rw-p 00011000 08:07 3414493                    /home/ayush/Downloads/.android-studio/jre/jre/lib/amd64/libnio.so
7f2b55606000-7f2b5561c000 r-xp 00000000 08:07 3414472                    /home/ayush/Downloads/.android-studio/jre/jre/lib/amd64/libnet.so
7f2b5561c000-7f2b5581c000 ---p 00016000 08:07 3414472                    /home/ayush/Downloads/.android-studio/jre/jre/lib/amd64/libnet.so
7f2b5581c000-7f2b5581d000 r--p 00016000 08:07 3414472                    /home/ayush/Downloads/.android-studio/jre/jre/lib/amd64/libnet.so
7f2b5581d000-7f2b5581e000 rw-p 00017000 08:07 3414472                    /home/ayush/Downloads/.android-studio/jre/jre/lib/amd64/libnet.so
7f2b5581e000-7f2b5581f000 r--s 00006000 08:07 2505370                    /home/ayush/.gradle/wrapper/dists/gradle-4.4-all/9br9xq1tocpiv8o6njlyu5op1/gradle-4.4/lib/gradle-wrapper-4.4.jar
7f2b5581f000-7f2b5582d000 r--s 00046000 08:07 2505369                    /home/ayush/.gradle/wrapper/dists/gradle-4.4-all/9br9xq1tocpiv8o6njlyu5op1/gradle-4.4/lib/gradle-tooling-api-4.4.jar
7f2b5582d000-7f2b5582e000 r--s 00002000 08:07 2505364                    /home/ayush/.gradle/wrapper/dists/gradle-4.4-all/9br9xq1tocpiv8o6njlyu5op1/gradle-4.4/lib/kotlin-stdlib-jre8-1.1.51.jar
7f2b5582e000-7f2b5582f000 r--s 00000000 08:07 2505363                    /home/ayush/.gradle/wrapper/dists/gradle-4.4-all/9br9xq1tocpiv8o6njlyu5op1/gradle-4.4/lib/kotlin-stdlib-jre7-1.1.51.jar
7f2b5582f000-7f2b5583e000 r--s 000c9000 08:07 2505362                    /home/ayush/.gradle/wrapper/dists/gradle-4.4-all/9br9xq1tocpiv8o6njlyu5op1/gradle-4.4/lib/kotlin-stdlib-1.1.51.jar
7f2b5583e000-7f2b55840000 r--s 00002000 08:07 2505361                    /home/ayush/.gradle/wrapper/dists/gradle-4.4-all/9br9xq1tocpiv8o6njlyu5op1/gradle-4.4/lib/kotlin-sam-with-receiver-compiler-plugin-1.1.51.jar
7f2b55840000-7f2b55873000 r--s 0022b000 08:07 2505360                    /home/ayush/.gradle/wrapper/dists/gradle-4.4-all/9br9xq1tocpiv8o6njlyu5op1/gradle-4.4/lib/kotlin-reflect-1.1.51.jar
7f2b55873000-7f2b55a55000 r--s 01a42000 08:07 2505359                    /home/ayush/.gradle/wrapper/dists/gradle-4.4-all/9br9xq1tocpiv8o6njlyu5op1/gradle-4.4/lib/kotlin-compiler-embeddable-1.1.51.jar
7f2b55a55000-7f2b55a56000 r--s 00000000 08:07 2505358                    /home/ayush/.gradle/wrapper/dists/gradle-4.4-all/9br9xq1tocpiv8o6njlyu5op1/gradle-4.4/lib/gradle-kotlin-dsl-tooling-models-0.13.1.jar
7f2b55a56000-7f2b55a58000 r--s 00003000 08:07 2505355                    /home/ayush/.gradle/wrapper/dists/gradle-4.4-all/9br9xq1tocpiv8o6njlyu5op1/gradle-4.4/lib/annotations-13.0.jar
7f2b55a58000-7f2b55a63000 r--s 00082000 08:07 2505356                    /home/ayush/.gradle/wrapper/dists/gradle-4.4-all/9br9xq1tocpiv8o6njlyu5op1/gradle-4.4/lib/gradle-kotlin-dsl-0.13.1.jar
7f2b55a63000-7f2b55a67000 r--s 00012000 08:07 2505377                    /home/ayush/.gradle/wrapper/dists/gradle-4.4-all/9br9xq1tocpiv8o6njlyu5op1/gradle-4.4/lib/gradle-build-cache-4.4.jar
7f2b55a67000-7f2b55a6d000 r--s 0002e000 08:07 2505837                    /home/ayush/.gradle/wrapper/dists/gradle-4.4-all/9br9xq1tocpiv8o6njlyu5op1/gradle-4.4/lib/gradle-persistent-cache-4.4.jar
7f2b55a6d000-7f2b55a71000 r--s 00014000 08:07 2505449                    /home/ayush/.gradle/wrapper/dists/gradle-4.4-all/9br9xq1tocpiv8o6njlyu5op1/gradle-4.4/lib/gradle-resources-4.4.jar
7f2b55a71000-7f2b55a72000 r--s 00003000 08:07 2506529                    /home/ayush/.gradle/wrapper/dists/gradle-4.4-all/9br9xq1tocpiv8o6njlyu5op1/gradle-4.4/lib/gradle-build-option-4.4.jar
7f2b55a72000-7f2b55a74000 r--s 00005000 08:07 2506530                    /home/ayush/.gradle/wrapper/dists/gradle-4.4-all/9br9xq1tocpiv8o6njlyu5op1/gradle-4.4/lib/gradle-cli-4.4.jar
7f2b55a74000-7f2b55a7b000 r--s 0002f000 08:07 2505378                    /home/ayush/.gradle/wrapper/dists/gradle-4.4-all/9br9xq1tocpiv8o6njlyu5op1/gradle-4.4/lib/gradle-logging-4.4.jar
7f2b55a7b000-7f2b55a8b000 r--s 00082000 08:07 2506524                    /home/ayush/.gradle/wrapper/dists/gradle-4.4-all/9br9xq1tocpiv8o6njlyu5op1/gradle-4.4/lib/gradle-model-core-4.4.jar
7f2b55a8b000-7f2b55afb000 r--s 00646000 08:07 2506563                    /home/ayush/.gradle/wrapper/dists/gradle-4.4-all/9br9xq1tocpiv8o6njlyu5op1/gradle-4.4/lib/groovy-all-2.4.12.jar
7f2b55afb000-7f2b55afc000 ---p 00000000 00:00 0 
7f2b55afc000-7f2b55bfc000 rw-p 00000000 00:00 0 
7f2b55bfc000-7f2b55bff000 ---p 00000000 00:00 0 
7f2b55bff000-7f2b55cfd000 rw-p 00000000 00:00 0 
7f2b55cfd000-7f2b55d00000 ---p 00000000 00:00 0 
7f2b55d00000-7f2b55dfe000 rw-p 00000000 00:00 0 
7f2b55dfe000-7f2b55e01000 ---p 00000000 00:00 0 
7f2b55e01000-7f2b55eff000 rw-p 00000000 00:00 0 
7f2b55eff000-7f2b55f02000 ---p 00000000 00:00 0 
7f2b55f02000-7f2b59000000 rw-p 00000000 00:00 0 
7f2b59000000-7f2b5a5e0000 rwxp 00000000 00:00 0 
7f2b5a5e0000-7f2b68000000 ---p 00000000 00:00 0 
7f2b68000000-7f2b68dec000 rw-p 00000000 00:00 0 
7f2b68dec000-7f2b6c000000 ---p 00000000 00:00 0 
7f2b6c000000-7f2b6c002000 r--s 00003000 08:07 2506544                    /home/ayush/.gradle/wrapper/dists/gradle-4.4-all/9br9xq1tocpiv8o6njlyu5op1/gradle-4.4/lib/jcl-over-slf4j-1.7.10.jar
7f2b6c002000-7f2b6c003000 r--s 00005000 08:07 2506542                    /home/ayush/.gradle/wrapper/dists/gradle-4.4-all/9br9xq1tocpiv8o6njlyu5op1/gradle-4.4/lib/log4j-over-slf4j-1.7.10.jar
7f2b6c003000-7f2b6c005000 r--s 00000000 08:07 2506540                    /home/ayush/.gradle/wrapper/dists/gradle-4.4-all/9br9xq1tocpiv8o6njlyu5op1/gradle-4.4/lib/jul-to-slf4j-1.7.10.jar
7f2b6c005000-7f2b6c007000 r--s 00006000 08:07 2506525                    /home/ayush/.gradle/wrapper/dists/gradle-4.4-all/9br9xq1tocpiv8o6njlyu5op1/gradle-4.4/lib/gradle-base-services-groovy-4.4.jar
7f2b6c007000-7f2b6c009000 r--s 00007000 08:07 2506523                    /home/ayush/.gradle/wrapper/dists/gradle-4.4-all/9br9xq1tocpiv8o6njlyu5op1/gradle-4.4/lib/gradle-model-groovy-4.4.jar
7f2b6c009000-7f2b6c00a000 r--s 00002000 08:07 2506578                    /home/ayush/.gradle/wrapper/dists/gradle-4.4-all/9br9xq1tocpiv8o6njlyu5op1/gradle-4.4/lib/gradle-docs-4.4.jar
7f2b6c00a000-7f2b6c013000 r--s 0002d000 08:07 2506577                    /home/ayush/.gradle/wrapper/dists/gradle-4.4-all/9br9xq1tocpiv8o6njlyu5op1/gradle-4.4/lib/xml-apis-1.4.01.jar
7f2b6c013000-7f2b6c01d000 r--s 00078000 08:07 2506574                    /home/ayush/.gradle/wrapper/dists/gradle-4.4-all/9br9xq1tocpiv8o6njlyu5op1/gradle-4.4/lib/commons-compress-1.14.jar
7f2b6c01d000-7f2b6c02a000 r--s 00083000 08:07 2506571                    /home/ayush/.gradle/wrapper/dists/gradle-4.4-all/9br9xq1tocpiv8o6njlyu5op1/gradle-4.4/lib/commons-collections-3.2.2.jar
7f2b6c02a000-7f2b6c02b000 r--s 00000000 08:07 2506567                    /home/ayush/.gradle/wrapper/dists/gradle-4.4-all/9br9xq1tocpiv8o6njlyu5op1/gradle-4.4/lib/javax.inject-1.jar
7f2b6c02b000-7f2b6c02e000 r--s 00023000 08:07 2506579                    /home/ayush/.gradle/wrapper/dists/gradle-4.4-all/9br9xq1tocpiv8o6njlyu5op1/gradle-4.4/lib/jansi-1.14.jar
7f2b6c02e000-7f2b6c02f000 r--s 00004000 08:07 2506581                    /home/ayush/.gradle/wrapper/dists/gradle-4.4-all/9br9xq1tocpiv8o6njlyu5op1/gradle-4.4/lib/native-platform-freebsd-amd64-libcpp-0.14.jar
7f2b6c02f000-7f2b6c030000 r--s 00004000 08:07 2506584                    /home/ayush/.gradle/wrapper/dists/gradle-4.4-all/9br9xq1tocpiv8o6njlyu5op1/gradle-4.4/lib/native-platform-freebsd-amd64-libstdcpp-0.14.jar
7f2b6c030000-7f2b6c031000 r--s 00004000 08:07 2506585                    /home/ayush/.gradle/wrapper/dists/gradle-4.4-all/9br9xq1tocpiv8o6njlyu5op1/gradle-4.4/lib/native-platform-freebsd-i386-libcpp-0.14.jar
7f2b6c031000-7f2b6c032000 r--s 00003000 08:07 2506586                    /home/ayush/.gradle/wrapper/dists/gradle-4.4-all/9br9xq1tocpiv8o6njlyu5op1/gradle-4.4/lib/native-platform-freebsd-i386-libstdcpp-0.14.jar
7f2b6c032000-7f2b6c033000 r--s 00002000 08:07 2506587                    /home/ayush/.gradle/wrapper/dists/gradle-4.4-all/9br9xq1tocpiv8o6njlyu5op1/gradle-4.4/lib/native-platform-linux-amd64-0.14.jar
7f2b6c033000-7f2b6c034000 r--s 00002000 08:07 2506588                    /home/ayush/.gradle/wrapper/dists/gradle-4.4-all/9br9xq1tocpiv8o6njlyu5op1/gradle-4.4/lib/native-platform-linux-i386-0.14.jar
7f2b6c034000-7f2b6c036000 r--s 00002000 08:07 2506589                    /home/ayush/.gradle/wrapper/dists/gradle-4.4-all/9br9xq1tocpiv8o6njlyu5op1/gradle-4.4/lib/native-platform-osx-amd64-0.14.jar
7f2b6c036000-7f2b6c037000 r--s 00003000 08:07 2506590                    /home/ayush/.gradle/wrapper/dists/gradle-4.4-all/9br9xq1tocpiv8o6njlyu5op1/gradle-4.4/lib/native-platform-osx-i386-0.14.jar
7f2b6c037000-7f2b6c039000 r--s 0000b000 08:07 2506592                    /home/ayush/.gradle/wrapper/dists/gradle-4.4-all/9br9xq1tocpiv8o6njlyu5op1/gradle-4.4/lib/native-platform-windows-amd64-0.14.jar
7f2b6c039000-7f2b6c03a000 r--s 0000b000 08:07 2506595                    /home/ayush/.gradle/wrapper/dists/gradle-4.4-all/9br9xq1tocpiv8o6njlyu5op1/gradle-4.4/lib/native-platform-windows-i386-0.14.jar
7f2b6c03a000-7f2b6c03b000 r--s 00001000 08:07 2506596                    /home/ayush/.gradle/wrapper/dists/gradle-4.4-all/9br9xq1tocpiv8o6njlyu5op1/gradle-4.4/lib/native-platform-linux-amd64-ncurses5-0.14.jar
7f2b6c03b000-7f2b6c03c000 r--s 00001000 08:07 2506597                    /home/ayush/.gradle/wrapper/dists/gradle-4.4-all/9br9xq1tocpiv8o6njlyu5op1/gradle-4.4/lib/native-platform-linux-amd64-ncurses6-0.14.jar
7f2b6c03c000-7f2b6c03d000 r--s 00001000 08:07 2506598                    /home/ayush/.gradle/wrapper/dists/gradle-4.4-all/9br9xq1tocpiv8o6njlyu5op1/gradle-4.4/lib/native-platform-linux-i386-ncurses5-0.14.jar
7f2b6c03d000-7f2b6c03e000 r--s 00001000 08:07 2506605                    /home/ayush/.gradle/wrapper/dists/gradle-4.4-all/9br9xq1tocpiv8o6njlyu5op1/gradle-4.4/lib/native-platform-linux-i386-ncurses6-0.14.jar
7f2b6c03e000-7f2b6c042000 r--s 00012000 08:07 2506573                    /home/ayush/.gradle/wrapper/dists/gradle-4.4-all/9br9xq1tocpiv8o6njlyu5op1/gradle-4.4/lib/native-platform-0.14.jar
7f2b6c042000-7f2b6c045000 r--s 0000c000 08:07 2505909                    /home/ayush/.gradle/wrapper/dists/gradle-4.4-all/9br9xq1tocpiv8o6njlyu5op1/gradle-4.4/lib/gradle-native-4.4.jar
7f2b6c045000-7f2b6c047000 r--s 0000f000 08:07 2506535                    /home/ayush/.gradle/wrapper/dists/gradle-4.4-all/9br9xq1tocpiv8o6njlyu5op1/gradle-4.4/lib/reflectasm-1.07-shaded.jar
7f2b6c047000-7f2b6c049000 r--s 00000000 08:07 2506607                    /home/ayush/.gradle/wrapper/dists/gradle-4.4-all/9br9xq1tocpiv8o6njlyu5op1/gradle-4.4/lib/minlog-1.2.jar
7f2b6c049000-7f2b6c04b000 r--s 00007000 08:07 2506610                    /home/ayush/.gradle/wrapper/dists/gradle-4.4-all/9br9xq1tocpiv8o6njlyu5op1/gradle-4.4/lib/objenesis-1.2.jar
7f2b6c04b000-7f2b6c04f000 r--s 00026000 08:07 2506534                    /home/ayush/.gradle/wrapper/dists/gradle-4.4-all/9br9xq1tocpiv8o6njlyu5op1/gradle-4.4/lib/kryo-2.20.jar
7f2b6c04f000-7f2b6c055000 r--s 0002b000 08:07 2506527                    /home/ayush/.gradle/wrapper/dists/gradle-4.4-all/9br9xq1tocpiv8o6njlyu5op1/gradle-4.4/lib/gradle-messaging-4.4.jar
7f2b6c055000-7f2b6c057000 r--s 00006000 08:07 2505418                    /home/ayush/.gradle/wrapper/dists/gradle-4.4-all/9br9xq1tocpiv8o6njlyu5op1/gradle-4.4/lib/gradle-process-services-4.4.jar
7f2b6c057000-7f2b6c059000 r--s 00000000 08:07 2505375                    /home/ayush/.gradle/wrapper/dists/gradle-4.4-all/9br9xq1tocpiv8o6njlyu5op1/gradle-4.4/lib/gradle-jvm-services-4.4.jar
7f2b6c059000-7f2b6c05a000 r--s 00000000 08:07 2506562                    /home/ayush/.gradle/wrapper/dists/gradle-4.4-all/9br9xq1tocpiv8o6njlyu5op1/gradle-4.4/lib/jcip-annotations-1.0.jar
7f2b6c05a000-7f2b6c05f000 r--s 00041000 08:07 2506555                    /home/ayush/.gradle/wrapper/dists/gradle-4.4-all/9br9xq1tocpiv8o6njlyu5op1/gradle-4.4/lib/commons-lang-2.6.jar
7f2b6c05f000-7f2b6c062000 r--s 00006000 08:07 2506550                    /home/ayush/.gradle/wrapper/dists/gradle-4.4-all/9br9xq1tocpiv8o6njlyu5op1/gradle-4.4/lib/jsr305-1.3.9.jar
7f2b6c062000-7f2b6c08a000 r--s 001cf000 08:07 2506549                    /home/ayush/.gradle/wrapper/dists/gradle-4.4-all/9br9xq1tocpiv8o6njlyu5op1/gradle-4.4/lib/guava-jdk5-17.0.jar
7f2b6c08a000-7f2b6c08e000 r--s 00027000 08:07 2506539                    /home/ayush/.gradle/wrapper/dists/gradle-4.4-all/9br9xq1tocpiv8o6njlyu5op1/gradle-4.4/lib/commons-io-2.2.jar
7f2b6c08e000-7f2b6c0ad000 r--s 001d5000 08:07 2506566                    /home/ayush/.gradle/wrapper/dists/gradle-4.4-all/9br9xq1tocpiv8o6njlyu5op1/gradle-4.4/lib/ant-1.9.9.jar
7f2b6c0ad000-7f2b6c0e9000 r--s 00204000 08:07 2505373                    /home/ayush/.gradle/wrapper/dists/gradle-4.4-all/9br9xq1tocpiv8o6njlyu5op1/gradle-4.4/lib/gradle-core-4.4.jar
7f2b6c0e9000-7f2b6c3c1000 r--p 00000000 08:07 4459996                    /usr/lib/locale/locale-archive
7f2b6c3c1000-7f2b6c3c4000 ---p 00000000 00:00 0 
7f2b6c3c4000-7f2b6c4c2000 rw-p 00000000 00:00 0 
7f2b6c4c2000-7f2b6c4c5000 ---p 00000000 00:00 0 
7f2b6c4c5000-7f2b6c5c3000 rw-p 00000000 00:00 0 
7f2b6c5c3000-7f2b6c5c4000 ---p 00000000 00:00 0 
7f2b6c5c4000-7f2b6d05d000 rw-p 00000000 00:00 0 
7f2b6d05d000-7f2b6d22d000 r--s 03c46000 08:07 3414509                    /home/ayush/Downloads/.android-studio/jre/jre/lib/rt.jar
7f2b6d22d000-7f2b6dda3000 rw-p 00000000 00:00 0 
7f2b6dda3000-7f2b6dda4000 ---p 00000000 00:00 0 
7f2b6dda4000-7f2b6dea4000 rw-p 00000000 00:00 0 
7f2b6dea4000-7f2b6dea5000 ---p 00000000 00:00 0 
7f2b6dea5000-7f2b6dfed000 rw-p 00000000 00:00 0 
7f2b6dfed000-7f2b6e1a5000 ---p 00000000 00:00 0 
7f2b6e1a5000-7f2b6e1ed000 rw-p 00000000 00:00 0 
7f2b6e1ed000-7f2b6e3a5000 ---p 00000000 00:00 0 
7f2b6e3a5000-7f2b6e430000 rw-p 00000000 00:00 0 
7f2b6e430000-7f2b6e4a5000 ---p 00000000 00:00 0 
7f2b6e4a5000-7f2b6e4fe000 rw-p 00000000 00:00 0 
7f2b6e4fe000-7f2b6e866000 ---p 00000000 00:00 0 
7f2b6e866000-7f2b6e880000 r-xp 00000000 08:07 3414468                    /home/ayush/Downloads/.android-studio/jre/jre/lib/amd64/libzip.so
7f2b6e880000-7f2b6ea80000 ---p 0001a000 08:07 3414468                    /home/ayush/Downloads/.android-studio/jre/jre/lib/amd64/libzip.so
7f2b6ea80000-7f2b6ea81000 r--p 0001a000 08:07 3414468                    /home/ayush/Downloads/.android-studio/jre/jre/lib/amd64/libzip.so
7f2b6ea81000-7f2b6ea82000 rw-p 0001b000 08:07 3414468                    /home/ayush/Downloads/.android-studio/jre/jre/lib/amd64/libzip.so
7f2b6ea82000-7f2b6ea8d000 r-xp 00000000 08:07 4199633                    /lib/x86_64-linux-gnu/libnss_files-2.23.so
7f2b6ea8d000-7f2b6ec8c000 ---p 0000b000 08:07 4199633                    /lib/x86_64-linux-gnu/libnss_files-2.23.so
7f2b6ec8c000-7f2b6ec8d000 r--p 0000a000 08:07 4199633                    /lib/x86_64-linux-gnu/libnss_files-2.23.so
7f2b6ec8d000-7f2b6ec8e000 rw-p 0000b000 08:07 4199633                    /lib/x86_64-linux-gnu/libnss_files-2.23.so
7f2b6ec8e000-7f2b6ec94000 rw-p 00000000 00:00 0 
7f2b6ec94000-7f2b6ec9f000 r-xp 00000000 08:07 4199637                    /lib/x86_64-linux-gnu/libnss_nis-2.23.so
7f2b6ec9f000-7f2b6ee9e000 ---p 0000b000 08:07 4199637                    /lib/x86_64-linux-gnu/libnss_nis-2.23.so
7f2b6ee9e000-7f2b6ee9f000 r--p 0000a000 08:07 4199637                    /lib/x86_64-linux-gnu/libnss_nis-2.23.so
7f2b6ee9f000-7f2b6eea0000 rw-p 0000b000 08:07 4199637                    /lib/x86_64-linux-gnu/libnss_nis-2.23.so
7f2b6eea0000-7f2b6eeb6000 r-xp 00000000 08:07 4199439                    /lib/x86_64-linux-gnu/libnsl-2.23.so
7f2b6eeb6000-7f2b6f0b5000 ---p 00016000 08:07 4199439                    /lib/x86_64-linux-gnu/libnsl-2.23.so
7f2b6f0b5000-7f2b6f0b6000 r--p 00015000 08:07 4199439                    /lib/x86_64-linux-gnu/libnsl-2.23.so
7f2b6f0b6000-7f2b6f0b7000 rw-p 00016000 08:07 4199439                    /lib/x86_64-linux-gnu/libnsl-2.23.so
7f2b6f0b7000-7f2b6f0b9000 rw-p 00000000 00:00 0 
7f2b6f0b9000-7f2b6f0c1000 r-xp 00000000 08:07 4199628                    /lib/x86_64-linux-gnu/libnss_compat-2.23.so
7f2b6f0c1000-7f2b6f2c0000 ---p 00008000 08:07 4199628                    /lib/x86_64-linux-gnu/libnss_compat-2.23.so
7f2b6f2c0000-7f2b6f2c1000 r--p 00007000 08:07 4199628                    /lib/x86_64-linux-gnu/libnss_compat-2.23.so
7f2b6f2c1000-7f2b6f2c2000 rw-p 00008000 08:07 4199628                    /lib/x86_64-linux-gnu/libnss_compat-2.23.so
7f2b6f2c2000-7f2b6f2ef000 r-xp 00000000 08:07 3414476                    /home/ayush/Downloads/.android-studio/jre/jre/lib/amd64/libjava.so
7f2b6f2ef000-7f2b6f4ee000 ---p 0002d000 08:07 3414476                    /home/ayush/Downloads/.android-studio/jre/jre/lib/amd64/libjava.so
7f2b6f4ee000-7f2b6f4ef000 r--p 0002c000 08:07 3414476                    /home/ayush/Downloads/.android-studio/jre/jre/lib/amd64/libjava.so
7f2b6f4ef000-7f2b6f4f1000 rw-p 0002d000 08:07 3414476                    /home/ayush/Downloads/.android-studio/jre/jre/lib/amd64/libjava.so
7f2b6f4f1000-7f2b6f501000 r-xp 00000000 08:07 3414464                    /home/ayush/Downloads/.android-studio/jre/jre/lib/amd64/libverify.so
7f2b6f501000-7f2b6f700000 ---p 00010000 08:07 3414464                    /home/ayush/Downloads/.android-studio/jre/jre/lib/amd64/libverify.so
7f2b6f700000-7f2b6f702000 r--p 0000f000 08:07 3414464                    /home/ayush/Downloads/.android-studio/jre/jre/lib/amd64/libverify.so
7f2b6f702000-7f2b6f703000 rw-p 00011000 08:07 3414464                    /home/ayush/Downloads/.android-studio/jre/jre/lib/amd64/libverify.so
7f2b6f703000-7f2b6f70a000 r-xp 00000000 08:07 4199638                    /lib/x86_64-linux-gnu/librt-2.23.so
7f2b6f70a000-7f2b6f909000 ---p 00007000 08:07 4199638                    /lib/x86_64-linux-gnu/librt-2.23.so
7f2b6f909000-7f2b6f90a000 r--p 00006000 08:07 4199638                    /lib/x86_64-linux-gnu/librt-2.23.so
7f2b6f90a000-7f2b6f90b000 rw-p 00007000 08:07 4199638                    /lib/x86_64-linux-gnu/librt-2.23.so
7f2b6f90b000-7f2b6fa13000 r-xp 00000000 08:07 4199438                    /lib/x86_64-linux-gnu/libm-2.23.so
7f2b6fa13000-7f2b6fc12000 ---p 00108000 08:07 4199438                    /lib/x86_64-linux-gnu/libm-2.23.so
7f2b6fc12000-7f2b6fc13000 r--p 00107000 08:07 4199438                    /lib/x86_64-linux-gnu/libm-2.23.so
7f2b6fc13000-7f2b6fc14000 rw-p 00108000 08:07 4199438                    /lib/x86_64-linux-gnu/libm-2.23.so
7f2b6fc14000-7f2b70810000 r-xp 00000000 08:07 3414486                    /home/ayush/Downloads/.android-studio/jre/jre/lib/amd64/server/libjvm.so
7f2b70810000-7f2b70a10000 ---p 00bfc000 08:07 3414486                    /home/ayush/Downloads/.android-studio/jre/jre/lib/amd64/server/libjvm.so
7f2b70a10000-7f2b70ab0000 r--p 00bfc000 08:07 3414486                    /home/ayush/Downloads/.android-studio/jre/jre/lib/amd64/server/libjvm.so
7f2b70ab0000-7f2b70ad9000 rw-p 00c9c000 08:07 3414486                    /home/ayush/Downloads/.android-studio/jre/jre/lib/amd64/server/libjvm.so
7f2b70ad9000-7f2b70b1d000 rw-p 00000000 00:00 0 
7f2b70b1d000-7f2b70b35000 r-xp 00000000 08:07 4199619                    /lib/x86_64-linux-gnu/libpthread-2.23.so
7f2b70b35000-7f2b70d34000 ---p 00018000 08:07 4199619                    /lib/x86_64-linux-gnu/libpthread-2.23.so
7f2b70d34000-7f2b70d35000 r--p 00017000 08:07 4199619                    /lib/x86_64-linux-gnu/libpthread-2.23.so
7f2b70d35000-7f2b70d36000 rw-p 00018000 08:07 4199619                    /lib/x86_64-linux-gnu/libpthread-2.23.so
7f2b70d36000-7f2b70d3a000 rw-p 00000000 00:00 0 
7f2b70d3a000-7f2b70d3d000 r-xp 00000000 08:07 4199622                    /lib/x86_64-linux-gnu/libdl-2.23.so
7f2b70d3d000-7f2b70f3c000 ---p 00003000 08:07 4199622                    /lib/x86_64-linux-gnu/libdl-2.23.so
7f2b70f3c000-7f2b70f3d000 r--p 00002000 08:07 4199622                    /lib/x86_64-linux-gnu/libdl-2.23.so
7f2b70f3d000-7f2b70f3e000 rw-p 00003000 08:07 4199622                    /lib/x86_64-linux-gnu/libdl-2.23.so
7f2b70f3e000-7f2b710fe000 r-xp 00000000 08:07 4199620                    /lib/x86_64-linux-gnu/libc-2.23.so
7f2b710fe000-7f2b712fe000 ---p 001c0000 08:07 4199620                    /lib/x86_64-linux-gnu/libc-2.23.so
7f2b712fe000-7f2b71302000 r--p 001c0000 08:07 4199620                    /lib/x86_64-linux-gnu/libc-2.23.so
7f2b71302000-7f2b71304000 rw-p 001c4000 08:07 4199620                    /lib/x86_64-linux-gnu/libc-2.23.so
7f2b71304000-7f2b71308000 rw-p 00000000 00:00 0 
7f2b71308000-7f2b7131e000 r-xp 00000000 08:07 3414366                    /home/ayush/Downloads/.android-studio/jre/lib/amd64/jli/libjli.so
7f2b7131e000-7f2b7151d000 ---p 00016000 08:07 3414366                    /home/ayush/Downloads/.android-studio/jre/lib/amd64/jli/libjli.so
7f2b7151d000-7f2b7151e000 r--p 00015000 08:07 3414366                    /home/ayush/Downloads/.android-studio/jre/lib/amd64/jli/libjli.so
7f2b7151e000-7f2b7151f000 rw-p 00016000 08:07 3414366                    /home/ayush/Downloads/.android-studio/jre/lib/amd64/jli/libjli.so
7f2b7151f000-7f2b71545000 r-xp 00000000 08:07 4199618                    /lib/x86_64-linux-gnu/ld-2.23.so
7f2b71545000-7f2b71546000 r--s 00007000 08:07 2506546                    /home/ayush/.gradle/wrapper/dists/gradle-4.4-all/9br9xq1tocpiv8o6njlyu5op1/gradle-4.4/lib/slf4j-api-1.7.10.jar
7f2b71546000-7f2b71552000 r--s 00032000 08:07 2505376                    /home/ayush/.gradle/wrapper/dists/gradle-4.4-all/9br9xq1tocpiv8o6njlyu5op1/gradle-4.4/lib/gradle-core-api-4.4.jar
7f2b71552000-7f2b7155d000 r--s 0005b000 08:07 2506528                    /home/ayush/.gradle/wrapper/dists/gradle-4.4-all/9br9xq1tocpiv8o6njlyu5op1/gradle-4.4/lib/gradle-base-services-4.4.jar
7f2b7155d000-7f2b7161f000 rw-p 00000000 00:00 0 
7f2b7161f000-7f2b71622000 ---p 00000000 00:00 0 
7f2b71622000-7f2b71724000 rw-p 00000000 00:00 0 
7f2b71724000-7f2b7172c000 r--s 000bd000 08:07 2506536                    /home/ayush/.gradle/wrapper/dists/gradle-4.4-all/9br9xq1tocpiv8o6njlyu5op1/gradle-4.4/lib/asm-debug-all-6.0_ALPHA.jar
7f2b7172c000-7f2b7172d000 r--s 00004000 08:07 2506580                    /home/ayush/.gradle/wrapper/dists/gradle-4.4-all/9br9xq1tocpiv8o6njlyu5op1/gradle-4.4/lib/ant-launcher-1.9.9.jar
7f2b7172d000-7f2b71739000 r--s 0005f000 08:07 2505367                    /home/ayush/.gradle/wrapper/dists/gradle-4.4-all/9br9xq1tocpiv8o6njlyu5op1/gradle-4.4/lib/gradle-launcher-4.4.jar
7f2b71739000-7f2b71741000 rw-s 00000000 08:07 1322093                    /tmp/hsperfdata_ayush/15592
7f2b71741000-7f2b71742000 rw-p 00000000 00:00 0 
7f2b71742000-7f2b71743000 ---p 00000000 00:00 0 
7f2b71743000-7f2b71744000 rw-p 00000000 00:00 0 
7f2b71744000-7f2b71745000 r--p 00025000 08:07 4199618                    /lib/x86_64-linux-gnu/ld-2.23.so
7f2b71745000-7f2b71746000 rw-p 00026000 08:07 4199618                    /lib/x86_64-linux-gnu/ld-2.23.so
7f2b71746000-7f2b71747000 rw-p 00000000 00:00 0 
7ffd5293f000-7ffd52960000 rw-p 00000000 00:00 0                          [stack]
7ffd5299f000-7ffd529a1000 r--p 00000000 00:00 0                          [vvar]
7ffd529a1000-7ffd529a3000 r-xp 00000000 00:00 0                          [vdso]
ffffffffff600000-ffffffffff601000 r-xp 00000000 00:00 0                  [vsyscall]

VM Arguments:
jvm_args: -Xmx1536m -Dfile.encoding=UTF-8 -Duser.country=IN -Duser.language=en -Duser.variant 
java_command: org.gradle.launcher.daemon.bootstrap.GradleDaemon 4.4
java_class_path (initial): /home/ayush/.gradle/wrapper/dists/gradle-4.4-all/9br9xq1tocpiv8o6njlyu5op1/gradle-4.4/lib/gradle-launcher-4.4.jar
Launcher Type: SUN_STANDARD

Environment Variables:
PATH=/home/ayush/anaconda3/bin:/home/ayush/bin:/home/ayush/.local/bin:/usr/local/sbin:/usr/local/bin:/usr/sbin:/usr/bin:/sbin:/bin:/usr/games:/usr/local/games
SHELL=/bin/bash
DISPLAY=:0

Signal Handlers:
SIGSEGV: [libjvm.so+0x9edb30], sa_mask[0]=11111111011111111101111111111110, sa_flags=SA_RESTART|SA_SIGINFO
SIGBUS: [libjvm.so+0x9edb30], sa_mask[0]=11111111011111111101111111111110, sa_flags=SA_RESTART|SA_SIGINFO
SIGFPE: [libjvm.so+0x84e800], sa_mask[0]=11111111011111111101111111111110, sa_flags=SA_RESTART|SA_SIGINFO
SIGPIPE: [libjvm.so+0x84e800], sa_mask[0]=11111111011111111101111111111110, sa_flags=SA_RESTART|SA_SIGINFO
SIGXFSZ: [libjvm.so+0x84e800], sa_mask[0]=11111111011111111101111111111110, sa_flags=SA_RESTART|SA_SIGINFO
SIGILL: [libjvm.so+0x84e800], sa_mask[0]=11111111011111111101111111111110, sa_flags=SA_RESTART|SA_SIGINFO
SIGUSR1: SIG_DFL, sa_mask[0]=00000000000000000000000000000000, sa_flags=none
SIGUSR2: [libjvm.so+0x84e6d0], sa_mask[0]=00100000000000000000000000000000, sa_flags=SA_RESTART|SA_SIGINFO
SIGHUP: [libjvm.so+0x84e8c0], sa_mask[0]=11111111011111111101111111111110, sa_flags=SA_RESTART|SA_SIGINFO
SIGINT: [libjvm.so+0x84e8c0], sa_mask[0]=11111111011111111101111111111110, sa_flags=SA_RESTART|SA_SIGINFO
SIGTERM: [libjvm.so+0x84e8c0], sa_mask[0]=11111111011111111101111111111110, sa_flags=SA_RESTART|SA_SIGINFO
SIGQUIT: [libjvm.so+0x84e8c0], sa_mask[0]=11111111011111111101111111111110, sa_flags=SA_RESTART|SA_SIGINFO


---------------  S Y S T E M  ---------------

OS:DISTRIB_ID=LinuxMint
DISTRIB_RELEASE=18.3
DISTRIB_CODENAME=sylvia
DISTRIB_DESCRIPTION="Linux Mint 18.3 Sylvia"

uname:Linux 4.10.0-38-generic #42~16.04.1-Ubuntu SMP Tue Oct 10 16:32:20 UTC 2017 x86_64
libc:glibc 2.23 NPTL 2.23 
rlimit: STACK 8192k, CORE 0k, NPROC 13510, NOFILE 1048576, AS infinity
load average:2.27 3.26 2.33

/proc/meminfo:
MemTotal:        3505672 kB
MemFree:           99656 kB
MemAvailable:      10328 kB
Buffers:            1228 kB
Cached:            58660 kB
SwapCached:            0 kB
Active:          2989244 kB
Inactive:         265224 kB
Active(anon):    2976340 kB
Inactive(anon):   253456 kB
Active(file):      12904 kB
Inactive(file):    11768 kB
Unevictable:         180 kB
Mlocked:             180 kB
SwapTotal:             0 kB
SwapFree:              0 kB
Dirty:              3816 kB
Writeback:             4 kB
AnonPages:       3194984 kB
Mapped:            30728 kB
Shmem:             34992 kB
Slab:              62888 kB
SReclaimable:      29780 kB
SUnreclaim:        33108 kB
KernelStack:        7248 kB
PageTables:        34044 kB
NFS_Unstable:          0 kB
Bounce:                0 kB
WritebackTmp:          0 kB
CommitLimit:     1752836 kB
Committed_AS:    5586908 kB
VmallocTotal:   34359738367 kB
VmallocUsed:           0 kB
VmallocChunk:          0 kB
HardwareCorrupted:     0 kB
AnonHugePages:   1732608 kB
ShmemHugePages:        0 kB
ShmemPmdMapped:        0 kB
CmaTotal:              0 kB
CmaFree:               0 kB
HugePages_Total:       0
HugePages_Free:        0
HugePages_Rsvd:        0
HugePages_Surp:        0
Hugepagesize:       2048 kB
DirectMap4k:      196392 kB
DirectMap2M:     3450880 kB
DirectMap1G:           0 kB


CPU:total 2 (initial active 2) (2 cores per cpu, 1 threads per core) family 18 model 1 stepping 0, cmov, cx8, fxsr, mmx, sse, sse2, sse3, popcnt, mmxext, 3dnowpref, lzcnt, sse4a, tsc, tscinvbit, tscinv

/proc/cpuinfo:
processor	: 0
vendor_id	: AuthenticAMD
cpu family	: 18
model		: 1
model name	: AMD A4-3330MX APU with Radeon(tm) HD Graphics
stepping	: 0
microcode	: 0x3000027
cpu MHz		: 1000.000
cache size	: 1024 KB
physical id	: 0
siblings	: 2
core id		: 0
cpu cores	: 2
apicid		: 0
initial apicid	: 0
fpu		: yes
fpu_exception	: yes
cpuid level	: 6
wp		: yes
flags		: fpu vme de pse tsc msr pae mce cx8 apic sep mtrr pge mca cmov pat pse36 clflush mmx fxsr sse sse2 ht syscall nx mmxext fxsr_opt pdpe1gb rdtscp lm 3dnowext 3dnow constant_tsc rep_good nopl nonstop_tsc extd_apicid aperfmperf pni monitor cx16 popcnt lahf_lm cmp_legacy svm extapic cr8_legacy abm sse4a misalignsse 3dnowprefetch osvw ibs skinit wdt cpb hw_pstate vmmcall arat npt lbrv svm_lock nrip_save pausefilter
bugs		: fxsave_leak sysret_ss_attrs null_seg
bogomips	: 4391.71
TLB size	: 1536 4K pages
clflush size	: 64
cache_alignment	: 64
address sizes	: 40 bits physical, 48 bits virtual
power management: ts ttp tm stc 100mhzsteps hwpstate cpb

processor	: 1
vendor_id	: AuthenticAMD
cpu family	: 18
model		: 1
model name	: AMD A4-3330MX APU with Radeon(tm) HD Graphics
stepping	: 0
microcode	: 0x3000027
cpu MHz		: 1700.000
cache size	: 1024 KB
physical id	: 0
siblings	: 2
core id		: 1
cpu cores	: 2
apicid		: 1
initial apicid	: 1
fpu		: yes
fpu_exception	: yes
cpuid level	: 6
wp		: yes
flags		: fpu vme de pse tsc msr pae mce cx8 apic sep mtrr pge mca cmov pat pse36 clflush mmx fxsr sse sse2 ht syscall nx mmxext fxsr_opt pdpe1gb rdtscp lm 3dnowext 3dnow constant_tsc rep_good nopl nonstop_tsc extd_apicid aperfmperf pni monitor cx16 popcnt lahf_lm cmp_legacy svm extapic cr8_legacy abm sse4a misalignsse 3dnowprefetch osvw ibs skinit wdt cpb hw_pstate vmmcall arat npt lbrv svm_lock nrip_save pausefilter
bugs		: fxsave_leak sysret_ss_attrs null_seg
bogomips	: 4391.71
TLB size	: 1536 4K pages
clflush size	: 64
cache_alignment	: 64
address sizes	: 40 bits physical, 48 bits virtual
power management: ts ttp tm stc 100mhzsteps hwpstate cpb



Memory: 4k page, physical 3505672k(99656k free), swap 0k(0k free)

vm_info: OpenJDK 64-Bit Server VM (25.152-b01) for linux-amd64 JRE (1.8.0_152-release-1024-b01), built by "builder" with gcc 4.8.4

time: Fri May 25 23:58:06 2018
elapsed time: 52 seconds (0d 0h 0m 52s)

